INFO: [VRFC 10-2263] Analyzing Verilog file "/home/sam/Documents/thesis-defense/thesis_Aloha-HE/Aloha-HE_Common/AXISlave8Ports.v" into library xil_defaultlib
INFO: [VRFC 10-311] analyzing module AXISlave8Ports
INFO: [VRFC 10-311] analyzing module AXI_Slave8Ports_new_v1_0_S00_AXI
INFO: [VRFC 10-2263] Analyzing Verilog file "/home/sam/Documents/thesis-defense/thesis_Aloha-HE/Aloha-HE_Kintex/Aloha-HE_Kintex.srcs/sources_1/ip/INS_RAM/sim/INS_RAM.v" into library xil_defaultlib
INFO: [VRFC 10-311] analyzing module INS_RAM
INFO: [VRFC 10-2263] Analyzing Verilog file "/home/sam/Documents/thesis-defense/thesis_Aloha-HE/Aloha-HE_Kintex/Aloha-HE_Kintex.srcs/sources_1/ip/FFTAllTwiddleROM/sim/FFTAllTwiddleROM.v" into library xil_defaultlib
INFO: [VRFC 10-311] analyzing module FFTAllTwiddleROM
INFO: [VRFC 10-2263] Analyzing Verilog file "/home/sam/Documents/thesis-defense/thesis_Aloha-HE/Aloha-HE_Kintex/Aloha-HE_Kintex.srcs/sources_1/ip/FFTTw_RNS_ROM/sim/FFTTw_RNS_ROM.v" into library xil_defaultlib
INFO: [VRFC 10-311] analyzing module FFTTw_RNS_ROM
INFO: [VRFC 10-2263] Analyzing Verilog file "/home/sam/Documents/thesis-defense/thesis_Aloha-HE/Aloha-HE_Kintex/Aloha-HE_Kintex.srcs/sources_1/ip/TernaryPolyBRAM/sim/TernaryPolyBRAM.v" into library xil_defaultlib
INFO: [VRFC 10-311] analyzing module TernaryPolyBRAM
INFO: [VRFC 10-2263] Analyzing Verilog file "/home/sam/Documents/thesis-defense/thesis_Aloha-HE/Aloha-HE_Kintex/Aloha-HE_Kintex.srcs/sources_1/ip/CBDPolyBRAM/sim/CBDPolyBRAM.v" into library xil_defaultlib
INFO: [VRFC 10-311] analyzing module CBDPolyBRAM
INFO: [VRFC 10-2263] Analyzing Verilog file "/home/sam/Documents/thesis-defense/thesis_Aloha-HE/Aloha-HE_Kintex/Aloha-HE_Kintex.srcs/sources_1/ip/NTTPolyBank/sim/NTTPolyBank.v" into library xil_defaultlib
INFO: [VRFC 10-311] analyzing module NTTPolyBank
INFO: [VRFC 10-2263] Analyzing Verilog file "/home/sam/Documents/thesis-defense/thesis_Aloha-HE/Aloha-HE_Kintex/Aloha-HE_Kintex.srcs/sources_1/ip/SharedFFTBramBank/sim/SharedFFTBramBank.v" into library xil_defaultlib
INFO: [VRFC 10-311] analyzing module SharedFFTBramBank
INFO: [VRFC 10-2263] Analyzing Verilog file "/home/sam/Documents/thesis-defense/thesis_Aloha-HE/Aloha-HE_Common/ComputeCore.v" into library xil_defaultlib
INFO: [VRFC 10-311] analyzing module ComputeCore
INFO: [VRFC 10-2458] undeclared symbol ntt_v_dma_wea_bank1, assumed default net type wire [/home/sam/Documents/thesis-defense/thesis_Aloha-HE/Aloha-HE_Common/ComputeCore.v:192]
INFO: [VRFC 10-2263] Analyzing Verilog file "/home/sam/Documents/thesis-defense/thesis_Aloha-HE/Aloha-HE_Common/ISA_control.v" into library xil_defaultlib
INFO: [VRFC 10-311] analyzing module ISA_control
INFO: [VRFC 10-2263] Analyzing Verilog file "/home/sam/Documents/thesis-defense/thesis_Aloha-HE/Aloha-HE_Common/RandomSampling/Trivium64.v" into library xil_defaultlib
INFO: [VRFC 10-311] analyzing module trivium64_update
INFO: [VRFC 10-2263] Analyzing SystemVerilog file "/home/sam/Documents/thesis-defense/thesis_Aloha-HE/Aloha-HE_Common/Utils/BitReverse.sv" into library xil_defaultlib
INFO: [VRFC 10-311] analyzing module BitReverse
INFO: [VRFC 10-2263] Analyzing SystemVerilog file "/home/sam/Documents/thesis-defense/thesis_Aloha-HE/Aloha-HE_Common/Utils/CarrySaveAdder.sv" into library xil_defaultlib
INFO: [VRFC 10-311] analyzing module CarrySaveAdder
INFO: [VRFC 10-2263] Analyzing SystemVerilog file "/home/sam/Documents/thesis-defense/thesis_Aloha-HE/Aloha-HE_Common/FloatingPoint/ComplexMultiplier.sv" into library xil_defaultlib
INFO: [VRFC 10-311] analyzing module ComplexMultiplier
INFO: [VRFC 10-2263] Analyzing SystemVerilog file "/home/sam/Documents/thesis-defense/thesis_Aloha-HE/Aloha-HE_Common/Utils/DelayRegister.sv" into library xil_defaultlib
INFO: [VRFC 10-311] analyzing module DelayRegister
INFO: [VRFC 10-2263] Analyzing SystemVerilog file "/home/sam/Documents/thesis-defense/thesis_Aloha-HE/Aloha-HE_Common/Utils/DelayRegisterReset.sv" into library xil_defaultlib
INFO: [VRFC 10-311] analyzing module DelayRegisterReset
INFO: [VRFC 10-2263] Analyzing SystemVerilog file "/home/sam/Documents/thesis-defense/thesis_Aloha-HE/Aloha-HE_Common/Utils/Expand.sv" into library xil_defaultlib
INFO: [VRFC 10-311] analyzing module Expand
INFO: [VRFC 10-2263] Analyzing SystemVerilog file "/home/sam/Documents/thesis-defense/thesis_Aloha-HE/Aloha-HE_Common/FloatingPoint/FFTButterfly.sv" into library xil_defaultlib
INFO: [VRFC 10-311] analyzing module FFTButterfly
INFO: [VRFC 10-2263] Analyzing SystemVerilog file "/home/sam/Documents/thesis-defense/thesis_Aloha-HE/Aloha-HE_Common/FloatingPoint/FFTButterflyAddStage.sv" into library xil_defaultlib
INFO: [VRFC 10-311] analyzing module FFTButterflyAddStage
INFO: [VRFC 10-2263] Analyzing SystemVerilog file "/home/sam/Documents/thesis-defense/thesis_Aloha-HE/Aloha-HE_Common/FloatingPoint/FFTTwFctStorage.sv" into library xil_defaultlib
INFO: [VRFC 10-311] analyzing module FFTTwFctStorage
INFO: [VRFC 10-2263] Analyzing SystemVerilog file "/home/sam/Documents/thesis-defense/thesis_Aloha-HE/Aloha-HE_Common/FloatingPoint/FLPAdder.sv" into library xil_defaultlib
INFO: [VRFC 10-311] analyzing module FLPAdder
INFO: [VRFC 10-2263] Analyzing SystemVerilog file "/home/sam/Documents/thesis-defense/thesis_Aloha-HE/Aloha-HE_Common/FloatingPoint/FLPAdderDenormalization.sv" into library xil_defaultlib
INFO: [VRFC 10-311] analyzing module FLPAdderDenormalization
INFO: [VRFC 10-2263] Analyzing SystemVerilog file "/home/sam/Documents/thesis-defense/thesis_Aloha-HE/Aloha-HE_Common/FloatingPoint/FLPAdderSigAddNormalize.sv" into library xil_defaultlib
INFO: [VRFC 10-311] analyzing module FLPAdderSigAddNormalize
INFO: [VRFC 10-2263] Analyzing SystemVerilog file "/home/sam/Documents/thesis-defense/thesis_Aloha-HE/Aloha-HE_Common/FloatingPoint/FLPMultiplier.sv" into library xil_defaultlib
INFO: [VRFC 10-311] analyzing module FLPMultiplier
INFO: [VRFC 10-2263] Analyzing SystemVerilog file "/home/sam/Documents/thesis-defense/thesis_Aloha-HE/Aloha-HE_Common/Utils/HammingWeight.sv" into library xil_defaultlib
INFO: [VRFC 10-311] analyzing module HammingWeight
INFO: [VRFC 10-2263] Analyzing SystemVerilog file "/home/sam/Documents/thesis-defense/thesis_Aloha-HE/Aloha-HE_Common/ModRing/INTTScale.sv" into library xil_defaultlib
INFO: [VRFC 10-311] analyzing module INTTScale
INFO: [VRFC 10-2263] Analyzing SystemVerilog file "/home/sam/Documents/thesis-defense/thesis_Aloha-HE/Aloha-HE_Common/SharedArithmetics/IntMultPool.sv" into library xil_defaultlib
INFO: [VRFC 10-311] analyzing module IntMultPool
INFO: [VRFC 10-2263] Analyzing SystemVerilog file "/home/sam/Documents/thesis-defense/thesis_Aloha-HE/Aloha-HE_Common/SharedArithmetics/IntMultiplier_24x34.sv" into library xil_defaultlib
INFO: [VRFC 10-311] analyzing module IntMultiplier_24x34
INFO: [VRFC 10-2263] Analyzing SystemVerilog file "/home/sam/Documents/thesis-defense/thesis_Aloha-HE/Aloha-HE_Common/SharedArithmetics/IntMultiplier_54x54.sv" into library xil_defaultlib
INFO: [VRFC 10-311] analyzing module IntMultiplier_54x54
INFO: [VRFC 10-2263] Analyzing SystemVerilog file "/home/sam/Documents/thesis-defense/thesis_Aloha-HE/Aloha-HE_Common/FloatingPoint/IntToFlP.sv" into library xil_defaultlib
INFO: [VRFC 10-311] analyzing module IntToFlPDouble
INFO: [VRFC 10-2263] Analyzing SystemVerilog file "/home/sam/Documents/thesis-defense/thesis_Aloha-HE/Aloha-HE_Common/FloatingPoint/IntToFlPWrapper.sv" into library xil_defaultlib
INFO: [VRFC 10-311] analyzing module IntToFlPWrapper
INFO: [VRFC 10-2263] Analyzing SystemVerilog file "/home/sam/Documents/thesis-defense/thesis_Aloha-HE/Aloha-HE_Common/Utils/LeadingZeroCount.sv" into library xil_defaultlib
INFO: [VRFC 10-311] analyzing module LeadingZeroCount
INFO: [VRFC 10-2263] Analyzing SystemVerilog file "/home/sam/Documents/thesis-defense/thesis_Aloha-HE/Aloha-HE_Common/ModRing/ModAdd.sv" into library xil_defaultlib
INFO: [VRFC 10-311] analyzing module ModAdd
INFO: [VRFC 10-2263] Analyzing SystemVerilog file "/home/sam/Documents/thesis-defense/thesis_Aloha-HE/Aloha-HE_Common/ModRing/ModMul.sv" into library xil_defaultlib
INFO: [VRFC 10-311] analyzing module ModMul
INFO: [VRFC 10-2263] Analyzing SystemVerilog file "/home/sam/Documents/thesis-defense/thesis_Aloha-HE/Aloha-HE_Common/ModRing/ModSub.sv" into library xil_defaultlib
INFO: [VRFC 10-311] analyzing module ModSub
INFO: [VRFC 10-2263] Analyzing SystemVerilog file "/home/sam/Documents/thesis-defense/thesis_Aloha-HE/Aloha-HE_Common/ModRing/MontRed.sv" into library xil_defaultlib
INFO: [VRFC 10-311] analyzing module MontRed
INFO: [VRFC 10-2263] Analyzing SystemVerilog file "/home/sam/Documents/thesis-defense/thesis_Aloha-HE/Aloha-HE_Common/ModRing/MontRed_Stage.sv" into library xil_defaultlib
INFO: [VRFC 10-311] analyzing module MontRed_Stage
INFO: [VRFC 10-2263] Analyzing SystemVerilog file "/home/sam/Documents/thesis-defense/thesis_Aloha-HE/Aloha-HE_Common/ModRing/NTTButterfly.sv" into library xil_defaultlib
INFO: [VRFC 10-311] analyzing module NTTButterfly
INFO: [VRFC 10-2263] Analyzing SystemVerilog file "/home/sam/Documents/thesis-defense/thesis_Aloha-HE/Aloha-HE_Common/ModRing/PWM.sv" into library xil_defaultlib
INFO: [VRFC 10-311] analyzing module PWM
INFO: [VRFC 10-2263] Analyzing SystemVerilog file "/home/sam/Documents/thesis-defense/thesis_Aloha-HE/Aloha-HE_Common/Utils/Project.sv" into library xil_defaultlib
INFO: [VRFC 10-311] analyzing module Project
INFO: [VRFC 10-2263] Analyzing SystemVerilog file "/home/sam/Documents/thesis-defense/thesis_Aloha-HE/Aloha-HE_Common/ModRing/RNS.sv" into library xil_defaultlib
INFO: [VRFC 10-311] analyzing module RNS
INFO: [VRFC 10-2263] Analyzing SystemVerilog file "/home/sam/Documents/thesis-defense/thesis_Aloha-HE/Aloha-HE_Common/ModRing/RNSErrorPolys.sv" into library xil_defaultlib
INFO: [VRFC 10-311] analyzing module RNSErrorPolys
INFO: [VRFC 10-2263] Analyzing SystemVerilog file "/home/sam/Documents/thesis-defense/thesis_Aloha-HE/Aloha-HE_Common/RandomSampling/RandomSampling.sv" into library xil_defaultlib
INFO: [VRFC 10-311] analyzing module RandomSampling
INFO: [VRFC 10-2263] Analyzing SystemVerilog file "/home/sam/Documents/thesis-defense/thesis_Aloha-HE/Aloha-HE_Common/SharedArithmetics/SharedFFTBrams.sv" into library xil_defaultlib
INFO: [VRFC 10-311] analyzing module SharedFFTBrams
INFO: [VRFC 10-2263] Analyzing SystemVerilog file "/home/sam/Documents/thesis-defense/thesis_Aloha-HE/Aloha-HE_Common/RandomSampling/TriviumAdapter.sv" into library xil_defaultlib
INFO: [VRFC 10-311] analyzing module TriviumAdapter
INFO: [VRFC 10-2263] Analyzing SystemVerilog file "/home/sam/Documents/thesis-defense/thesis_Aloha-HE/Aloha-HE_Common/SharedArithmetics/UnifiedLoadLogic.sv" into library xil_defaultlib
INFO: [VRFC 10-311] analyzing module UnifiedLoadLogic
INFO: [VRFC 10-2263] Analyzing SystemVerilog file "/home/sam/Documents/thesis-defense/thesis_Aloha-HE/Aloha-HE_Common/SharedArithmetics/UnifiedStoreLogic.sv" into library xil_defaultlib
INFO: [VRFC 10-311] analyzing module UnifiedStoreLogic
INFO: [VRFC 10-2263] Analyzing SystemVerilog file "/home/sam/Documents/thesis-defense/thesis_Aloha-HE/Aloha-HE_Common/SharedArithmetics/UnifiedTransformation.sv" into library xil_defaultlib
INFO: [VRFC 10-311] analyzing module UnifiedTransformation
INFO: [VRFC 10-2263] Analyzing SystemVerilog file "/home/sam/Documents/thesis-defense/thesis_Aloha-HE/Aloha-HE_Common/SharedArithmetics/UnifiedTwFctGen.sv" into library xil_defaultlib
INFO: [VRFC 10-311] analyzing module UnifiedTwFctGen
INFO: [VRFC 10-2263] Analyzing Verilog file "/home/sam/Documents/thesis-defense/thesis_Aloha-HE/Aloha-HE_Common/ComputeCoreWrapper.v" into library xil_defaultlib
INFO: [VRFC 10-311] analyzing module ComputeCoreWrapper
INFO: [VRFC 10-2263] Analyzing Verilog file "/home/sam/Documents/thesis-defense/thesis_Aloha-HE/Aloha-HE_Kintex/Aloha-HE_Kintex.ip_user_files/bd/AlohaHE/ip/AlohaHE_AXISlave8Ports_0_0/sim/AlohaHE_AXISlave8Ports_0_0.v" into library xil_defaultlib
INFO: [VRFC 10-311] analyzing module AlohaHE_AXISlave8Ports_0_0
INFO: [VRFC 10-2263] Analyzing Verilog file "/home/sam/Documents/thesis-defense/thesis_Aloha-HE/Aloha-HE_Kintex/Aloha-HE_Kintex.ip_user_files/bd/AlohaHE/ip/AlohaHE_ComputeCoreWrapper_0_0/sim/AlohaHE_ComputeCoreWrapper_0_0.v" into library xil_defaultlib
INFO: [VRFC 10-311] analyzing module AlohaHE_ComputeCoreWrapper_0_0
INFO: [VRFC 10-2263] Analyzing Verilog file "/home/sam/Documents/thesis-defense/thesis_Aloha-HE/Aloha-HE_Kintex/Aloha-HE_Kintex.ip_user_files/bd/AlohaHE/ip/AlohaHE_xbar_0/sim/AlohaHE_xbar_0.v" into library xil_defaultlib
INFO: [VRFC 10-311] analyzing module AlohaHE_xbar_0
INFO: [VRFC 10-2263] Analyzing Verilog file "/home/sam/Documents/thesis-defense/thesis_Aloha-HE/Aloha-HE_Kintex/Aloha-HE_Kintex.ip_user_files/bd/AlohaHE/ip/AlohaHE_axi_smc_0/bd_0/sim/bd_7499.v" into library xil_defaultlib
INFO: [VRFC 10-311] analyzing module bd_7499
INFO: [VRFC 10-311] analyzing module clk_map_imp_EM5CPO
INFO: [VRFC 10-311] analyzing module m00_exit_pipeline_imp_1KLUDS7
INFO: [VRFC 10-311] analyzing module m00_nodes_imp_17CDO4R
INFO: [VRFC 10-311] analyzing module s00_entry_pipeline_imp_LYRE4K
INFO: [VRFC 10-311] analyzing module s00_nodes_imp_P4Q3BY
INFO: [VRFC 10-311] analyzing module s01_entry_pipeline_imp_1MX3YXC
INFO: [VRFC 10-311] analyzing module s01_nodes_imp_1JDVP60
INFO: [VRFC 10-311] analyzing module s02_entry_pipeline_imp_195J165
INFO: [VRFC 10-311] analyzing module s02_nodes_imp_1G5SOHF
INFO: [VRFC 10-311] analyzing module switchboards_imp_DPDE8A
INFO: [VRFC 10-2263] Analyzing Verilog file "/home/sam/Documents/thesis-defense/thesis_Aloha-HE/Aloha-HE_Kintex/Aloha-HE_Kintex.ip_user_files/bd/AlohaHE/ip/AlohaHE_axi_smc_0/bd_0/ip/ip_0/sim/bd_7499_one_0.v" into library xil_defaultlib
INFO: [VRFC 10-311] analyzing module bd_7499_one_0
INFO: [VRFC 10-2263] Analyzing SystemVerilog file "/home/sam/Documents/thesis-defense/thesis_Aloha-HE/Aloha-HE_Kintex/Aloha-HE_Kintex.ip_user_files/bd/AlohaHE/ip/AlohaHE_axi_smc_0/bd_0/ip/ip_4/sim/bd_7499_arsw_0.sv" into library xil_defaultlib
INFO: [VRFC 10-311] analyzing module bd_7499_arsw_0
INFO: [VRFC 10-2263] Analyzing SystemVerilog file "/home/sam/Documents/thesis-defense/thesis_Aloha-HE/Aloha-HE_Kintex/Aloha-HE_Kintex.ip_user_files/bd/AlohaHE/ip/AlohaHE_axi_smc_0/bd_0/ip/ip_5/sim/bd_7499_rsw_0.sv" into library xil_defaultlib
INFO: [VRFC 10-311] analyzing module bd_7499_rsw_0
INFO: [VRFC 10-2263] Analyzing SystemVerilog file "/home/sam/Documents/thesis-defense/thesis_Aloha-HE/Aloha-HE_Kintex/Aloha-HE_Kintex.ip_user_files/bd/AlohaHE/ip/AlohaHE_axi_smc_0/bd_0/ip/ip_6/sim/bd_7499_awsw_0.sv" into library xil_defaultlib
INFO: [VRFC 10-311] analyzing module bd_7499_awsw_0
INFO: [VRFC 10-2263] Analyzing SystemVerilog file "/home/sam/Documents/thesis-defense/thesis_Aloha-HE/Aloha-HE_Kintex/Aloha-HE_Kintex.ip_user_files/bd/AlohaHE/ip/AlohaHE_axi_smc_0/bd_0/ip/ip_7/sim/bd_7499_wsw_0.sv" into library xil_defaultlib
INFO: [VRFC 10-311] analyzing module bd_7499_wsw_0
INFO: [VRFC 10-2263] Analyzing SystemVerilog file "/home/sam/Documents/thesis-defense/thesis_Aloha-HE/Aloha-HE_Kintex/Aloha-HE_Kintex.ip_user_files/bd/AlohaHE/ip/AlohaHE_axi_smc_0/bd_0/ip/ip_8/sim/bd_7499_bsw_0.sv" into library xil_defaultlib
INFO: [VRFC 10-311] analyzing module bd_7499_bsw_0
INFO: [VRFC 10-2263] Analyzing SystemVerilog file "/home/sam/Documents/thesis-defense/thesis_Aloha-HE/Aloha-HE_Kintex/Aloha-HE_Kintex.ip_user_files/bd/AlohaHE/ip/AlohaHE_axi_smc_0/bd_0/ip/ip_9/sim/bd_7499_s00mmu_0.sv" into library xil_defaultlib
INFO: [VRFC 10-311] analyzing module bd_7499_s00mmu_0
INFO: [VRFC 10-2263] Analyzing SystemVerilog file "/home/sam/Documents/thesis-defense/thesis_Aloha-HE/Aloha-HE_Kintex/Aloha-HE_Kintex.ip_user_files/bd/AlohaHE/ip/AlohaHE_axi_smc_0/bd_0/ip/ip_10/sim/bd_7499_s00tr_0.sv" into library xil_defaultlib
INFO: [VRFC 10-311] analyzing module bd_7499_s00tr_0
INFO: [VRFC 10-2263] Analyzing SystemVerilog file "/home/sam/Documents/thesis-defense/thesis_Aloha-HE/Aloha-HE_Kintex/Aloha-HE_Kintex.ip_user_files/bd/AlohaHE/ip/AlohaHE_axi_smc_0/bd_0/ip/ip_11/sim/bd_7499_s00sic_0.sv" into library xil_defaultlib
INFO: [VRFC 10-311] analyzing module bd_7499_s00sic_0
INFO: [VRFC 10-2263] Analyzing SystemVerilog file "/home/sam/Documents/thesis-defense/thesis_Aloha-HE/Aloha-HE_Kintex/Aloha-HE_Kintex.ip_user_files/bd/AlohaHE/ip/AlohaHE_axi_smc_0/bd_0/ip/ip_12/sim/bd_7499_s00a2s_0.sv" into library xil_defaultlib
INFO: [VRFC 10-311] analyzing module bd_7499_s00a2s_0
INFO: [VRFC 10-2263] Analyzing SystemVerilog file "/home/sam/Documents/thesis-defense/thesis_Aloha-HE/Aloha-HE_Kintex/Aloha-HE_Kintex.ip_user_files/bd/AlohaHE/ip/AlohaHE_axi_smc_0/bd_0/ip/ip_13/sim/bd_7499_sarn_0.sv" into library xil_defaultlib
INFO: [VRFC 10-311] analyzing module bd_7499_sarn_0
INFO: [VRFC 10-2263] Analyzing SystemVerilog file "/home/sam/Documents/thesis-defense/thesis_Aloha-HE/Aloha-HE_Kintex/Aloha-HE_Kintex.ip_user_files/bd/AlohaHE/ip/AlohaHE_axi_smc_0/bd_0/ip/ip_14/sim/bd_7499_srn_0.sv" into library xil_defaultlib
INFO: [VRFC 10-311] analyzing module bd_7499_srn_0
INFO: [VRFC 10-2263] Analyzing SystemVerilog file "/home/sam/Documents/thesis-defense/thesis_Aloha-HE/Aloha-HE_Kintex/Aloha-HE_Kintex.ip_user_files/bd/AlohaHE/ip/AlohaHE_axi_smc_0/bd_0/ip/ip_15/sim/bd_7499_sawn_0.sv" into library xil_defaultlib
INFO: [VRFC 10-311] analyzing module bd_7499_sawn_0
INFO: [VRFC 10-2263] Analyzing SystemVerilog file "/home/sam/Documents/thesis-defense/thesis_Aloha-HE/Aloha-HE_Kintex/Aloha-HE_Kintex.ip_user_files/bd/AlohaHE/ip/AlohaHE_axi_smc_0/bd_0/ip/ip_16/sim/bd_7499_swn_0.sv" into library xil_defaultlib
INFO: [VRFC 10-311] analyzing module bd_7499_swn_0
INFO: [VRFC 10-2263] Analyzing SystemVerilog file "/home/sam/Documents/thesis-defense/thesis_Aloha-HE/Aloha-HE_Kintex/Aloha-HE_Kintex.ip_user_files/bd/AlohaHE/ip/AlohaHE_axi_smc_0/bd_0/ip/ip_17/sim/bd_7499_sbn_0.sv" into library xil_defaultlib
INFO: [VRFC 10-311] analyzing module bd_7499_sbn_0
INFO: [VRFC 10-2263] Analyzing SystemVerilog file "/home/sam/Documents/thesis-defense/thesis_Aloha-HE/Aloha-HE_Kintex/Aloha-HE_Kintex.ip_user_files/bd/AlohaHE/ip/AlohaHE_axi_smc_0/bd_0/ip/ip_18/sim/bd_7499_s01mmu_0.sv" into library xil_defaultlib
INFO: [VRFC 10-311] analyzing module bd_7499_s01mmu_0
INFO: [VRFC 10-2263] Analyzing SystemVerilog file "/home/sam/Documents/thesis-defense/thesis_Aloha-HE/Aloha-HE_Kintex/Aloha-HE_Kintex.ip_user_files/bd/AlohaHE/ip/AlohaHE_axi_smc_0/bd_0/ip/ip_19/sim/bd_7499_s01tr_0.sv" into library xil_defaultlib
INFO: [VRFC 10-311] analyzing module bd_7499_s01tr_0
INFO: [VRFC 10-2263] Analyzing SystemVerilog file "/home/sam/Documents/thesis-defense/thesis_Aloha-HE/Aloha-HE_Kintex/Aloha-HE_Kintex.ip_user_files/bd/AlohaHE/ip/AlohaHE_axi_smc_0/bd_0/ip/ip_20/sim/bd_7499_s01sic_0.sv" into library xil_defaultlib
INFO: [VRFC 10-311] analyzing module bd_7499_s01sic_0
INFO: [VRFC 10-2263] Analyzing SystemVerilog file "/home/sam/Documents/thesis-defense/thesis_Aloha-HE/Aloha-HE_Kintex/Aloha-HE_Kintex.ip_user_files/bd/AlohaHE/ip/AlohaHE_axi_smc_0/bd_0/ip/ip_21/sim/bd_7499_s01a2s_0.sv" into library xil_defaultlib
INFO: [VRFC 10-311] analyzing module bd_7499_s01a2s_0
INFO: [VRFC 10-2263] Analyzing SystemVerilog file "/home/sam/Documents/thesis-defense/thesis_Aloha-HE/Aloha-HE_Kintex/Aloha-HE_Kintex.ip_user_files/bd/AlohaHE/ip/AlohaHE_axi_smc_0/bd_0/ip/ip_22/sim/bd_7499_sarn_1.sv" into library xil_defaultlib
INFO: [VRFC 10-311] analyzing module bd_7499_sarn_1
INFO: [VRFC 10-2263] Analyzing SystemVerilog file "/home/sam/Documents/thesis-defense/thesis_Aloha-HE/Aloha-HE_Kintex/Aloha-HE_Kintex.ip_user_files/bd/AlohaHE/ip/AlohaHE_axi_smc_0/bd_0/ip/ip_23/sim/bd_7499_srn_1.sv" into library xil_defaultlib
INFO: [VRFC 10-311] analyzing module bd_7499_srn_1
INFO: [VRFC 10-2263] Analyzing SystemVerilog file "/home/sam/Documents/thesis-defense/thesis_Aloha-HE/Aloha-HE_Kintex/Aloha-HE_Kintex.ip_user_files/bd/AlohaHE/ip/AlohaHE_axi_smc_0/bd_0/ip/ip_24/sim/bd_7499_s02mmu_0.sv" into library xil_defaultlib
INFO: [VRFC 10-311] analyzing module bd_7499_s02mmu_0
INFO: [VRFC 10-2263] Analyzing SystemVerilog file "/home/sam/Documents/thesis-defense/thesis_Aloha-HE/Aloha-HE_Kintex/Aloha-HE_Kintex.ip_user_files/bd/AlohaHE/ip/AlohaHE_axi_smc_0/bd_0/ip/ip_25/sim/bd_7499_s02tr_0.sv" into library xil_defaultlib
INFO: [VRFC 10-311] analyzing module bd_7499_s02tr_0
INFO: [VRFC 10-2263] Analyzing SystemVerilog file "/home/sam/Documents/thesis-defense/thesis_Aloha-HE/Aloha-HE_Kintex/Aloha-HE_Kintex.ip_user_files/bd/AlohaHE/ip/AlohaHE_axi_smc_0/bd_0/ip/ip_26/sim/bd_7499_s02sic_0.sv" into library xil_defaultlib
INFO: [VRFC 10-311] analyzing module bd_7499_s02sic_0
INFO: [VRFC 10-2263] Analyzing SystemVerilog file "/home/sam/Documents/thesis-defense/thesis_Aloha-HE/Aloha-HE_Kintex/Aloha-HE_Kintex.ip_user_files/bd/AlohaHE/ip/AlohaHE_axi_smc_0/bd_0/ip/ip_27/sim/bd_7499_s02a2s_0.sv" into library xil_defaultlib
INFO: [VRFC 10-311] analyzing module bd_7499_s02a2s_0
INFO: [VRFC 10-2263] Analyzing SystemVerilog file "/home/sam/Documents/thesis-defense/thesis_Aloha-HE/Aloha-HE_Kintex/Aloha-HE_Kintex.ip_user_files/bd/AlohaHE/ip/AlohaHE_axi_smc_0/bd_0/ip/ip_28/sim/bd_7499_sarn_2.sv" into library xil_defaultlib
INFO: [VRFC 10-311] analyzing module bd_7499_sarn_2
INFO: [VRFC 10-2263] Analyzing SystemVerilog file "/home/sam/Documents/thesis-defense/thesis_Aloha-HE/Aloha-HE_Kintex/Aloha-HE_Kintex.ip_user_files/bd/AlohaHE/ip/AlohaHE_axi_smc_0/bd_0/ip/ip_29/sim/bd_7499_srn_2.sv" into library xil_defaultlib
INFO: [VRFC 10-311] analyzing module bd_7499_srn_2
INFO: [VRFC 10-2263] Analyzing SystemVerilog file "/home/sam/Documents/thesis-defense/thesis_Aloha-HE/Aloha-HE_Kintex/Aloha-HE_Kintex.ip_user_files/bd/AlohaHE/ip/AlohaHE_axi_smc_0/bd_0/ip/ip_30/sim/bd_7499_sawn_1.sv" into library xil_defaultlib
INFO: [VRFC 10-311] analyzing module bd_7499_sawn_1
INFO: [VRFC 10-2263] Analyzing SystemVerilog file "/home/sam/Documents/thesis-defense/thesis_Aloha-HE/Aloha-HE_Kintex/Aloha-HE_Kintex.ip_user_files/bd/AlohaHE/ip/AlohaHE_axi_smc_0/bd_0/ip/ip_31/sim/bd_7499_swn_1.sv" into library xil_defaultlib
INFO: [VRFC 10-311] analyzing module bd_7499_swn_1
INFO: [VRFC 10-2263] Analyzing SystemVerilog file "/home/sam/Documents/thesis-defense/thesis_Aloha-HE/Aloha-HE_Kintex/Aloha-HE_Kintex.ip_user_files/bd/AlohaHE/ip/AlohaHE_axi_smc_0/bd_0/ip/ip_32/sim/bd_7499_sbn_1.sv" into library xil_defaultlib
INFO: [VRFC 10-311] analyzing module bd_7499_sbn_1
INFO: [VRFC 10-2263] Analyzing SystemVerilog file "/home/sam/Documents/thesis-defense/thesis_Aloha-HE/Aloha-HE_Kintex/Aloha-HE_Kintex.ip_user_files/bd/AlohaHE/ip/AlohaHE_axi_smc_0/bd_0/ip/ip_33/sim/bd_7499_m00s2a_0.sv" into library xil_defaultlib
INFO: [VRFC 10-311] analyzing module bd_7499_m00s2a_0
INFO: [VRFC 10-2263] Analyzing SystemVerilog file "/home/sam/Documents/thesis-defense/thesis_Aloha-HE/Aloha-HE_Kintex/Aloha-HE_Kintex.ip_user_files/bd/AlohaHE/ip/AlohaHE_axi_smc_0/bd_0/ip/ip_34/sim/bd_7499_m00arn_0.sv" into library xil_defaultlib
INFO: [VRFC 10-311] analyzing module bd_7499_m00arn_0
INFO: [VRFC 10-2263] Analyzing SystemVerilog file "/home/sam/Documents/thesis-defense/thesis_Aloha-HE/Aloha-HE_Kintex/Aloha-HE_Kintex.ip_user_files/bd/AlohaHE/ip/AlohaHE_axi_smc_0/bd_0/ip/ip_35/sim/bd_7499_m00rn_0.sv" into library xil_defaultlib
INFO: [VRFC 10-311] analyzing module bd_7499_m00rn_0
INFO: [VRFC 10-2263] Analyzing SystemVerilog file "/home/sam/Documents/thesis-defense/thesis_Aloha-HE/Aloha-HE_Kintex/Aloha-HE_Kintex.ip_user_files/bd/AlohaHE/ip/AlohaHE_axi_smc_0/bd_0/ip/ip_36/sim/bd_7499_m00awn_0.sv" into library xil_defaultlib
INFO: [VRFC 10-311] analyzing module bd_7499_m00awn_0
INFO: [VRFC 10-2263] Analyzing SystemVerilog file "/home/sam/Documents/thesis-defense/thesis_Aloha-HE/Aloha-HE_Kintex/Aloha-HE_Kintex.ip_user_files/bd/AlohaHE/ip/AlohaHE_axi_smc_0/bd_0/ip/ip_37/sim/bd_7499_m00wn_0.sv" into library xil_defaultlib
INFO: [VRFC 10-311] analyzing module bd_7499_m00wn_0
INFO: [VRFC 10-2263] Analyzing SystemVerilog file "/home/sam/Documents/thesis-defense/thesis_Aloha-HE/Aloha-HE_Kintex/Aloha-HE_Kintex.ip_user_files/bd/AlohaHE/ip/AlohaHE_axi_smc_0/bd_0/ip/ip_38/sim/bd_7499_m00bn_0.sv" into library xil_defaultlib
INFO: [VRFC 10-311] analyzing module bd_7499_m00bn_0
INFO: [VRFC 10-2263] Analyzing SystemVerilog file "/home/sam/Documents/thesis-defense/thesis_Aloha-HE/Aloha-HE_Kintex/Aloha-HE_Kintex.ip_user_files/bd/AlohaHE/ip/AlohaHE_axi_smc_0/bd_0/ip/ip_39/sim/bd_7499_m00e_0.sv" into library xil_defaultlib
INFO: [VRFC 10-311] analyzing module bd_7499_m00e_0
INFO: [VRFC 10-2263] Analyzing Verilog file "/home/sam/Documents/thesis-defense/thesis_Aloha-HE/Aloha-HE_Kintex/Aloha-HE_Kintex.ip_user_files/bd/AlohaHE/ip/AlohaHE_axi_smc_0/sim/AlohaHE_axi_smc_0.v" into library xil_defaultlib
INFO: [VRFC 10-311] analyzing module AlohaHE_axi_smc_0
INFO: [VRFC 10-2263] Analyzing Verilog file "/home/sam/Documents/thesis-defense/thesis_Aloha-HE/Aloha-HE_Kintex/Aloha-HE_Kintex.ip_user_files/bd/AlohaHE/ip/AlohaHE_clk_wiz_0_0/AlohaHE_clk_wiz_0_0_clk_wiz.v" into library xil_defaultlib
INFO: [VRFC 10-311] analyzing module AlohaHE_clk_wiz_0_0_clk_wiz
INFO: [VRFC 10-2263] Analyzing Verilog file "/home/sam/Documents/thesis-defense/thesis_Aloha-HE/Aloha-HE_Kintex/Aloha-HE_Kintex.ip_user_files/bd/AlohaHE/ip/AlohaHE_clk_wiz_0_0/AlohaHE_clk_wiz_0_0.v" into library xil_defaultlib
INFO: [VRFC 10-311] analyzing module AlohaHE_clk_wiz_0_0
INFO: [VRFC 10-2263] Analyzing Verilog file "/home/sam/Documents/thesis-defense/thesis_Aloha-HE/Aloha-HE_Kintex/Aloha-HE_Kintex.ip_user_files/bd/AlohaHE/ip/AlohaHE_xbar_1/sim/AlohaHE_xbar_1.v" into library xil_defaultlib
INFO: [VRFC 10-311] analyzing module AlohaHE_xbar_1
INFO: [VRFC 10-2263] Analyzing Verilog file "/home/sam/Documents/thesis-defense/thesis_Aloha-HE/Aloha-HE_Kintex/Aloha-HE_Kintex.ip_user_files/bd/AlohaHE/ip/AlohaHE_lmb_bram_0/sim/AlohaHE_lmb_bram_0.v" into library xil_defaultlib
INFO: [VRFC 10-311] analyzing module AlohaHE_lmb_bram_0
INFO: [VRFC 10-2263] Analyzing Verilog file "/home/sam/Documents/thesis-defense/thesis_Aloha-HE/Aloha-HE_Kintex/Aloha-HE_Kintex.ip_user_files/bd/AlohaHE/ip/AlohaHE_mig_7series_0_0/AlohaHE_mig_7series_0_0/user_design/rtl/clocking/mig_7series_v4_2_tempmon.v" into library xil_defaultlib
INFO: [VRFC 10-311] analyzing module mig_7series_v4_2_tempmon
INFO: [VRFC 10-2263] Analyzing Verilog file "/home/sam/Documents/thesis-defense/thesis_Aloha-HE/Aloha-HE_Kintex/Aloha-HE_Kintex.ip_user_files/bd/AlohaHE/ip/AlohaHE_mig_7series_0_0/AlohaHE_mig_7series_0_0/user_design/rtl/clocking/mig_7series_v4_2_clk_ibuf.v" into library xil_defaultlib
INFO: [VRFC 10-311] analyzing module mig_7series_v4_2_clk_ibuf
INFO: [VRFC 10-2263] Analyzing Verilog file "/home/sam/Documents/thesis-defense/thesis_Aloha-HE/Aloha-HE_Kintex/Aloha-HE_Kintex.ip_user_files/bd/AlohaHE/ip/AlohaHE_mig_7series_0_0/AlohaHE_mig_7series_0_0/user_design/rtl/clocking/mig_7series_v4_2_iodelay_ctrl.v" into library xil_defaultlib
INFO: [VRFC 10-311] analyzing module mig_7series_v4_2_iodelay_ctrl
INFO: [VRFC 10-2263] Analyzing Verilog file "/home/sam/Documents/thesis-defense/thesis_Aloha-HE/Aloha-HE_Kintex/Aloha-HE_Kintex.ip_user_files/bd/AlohaHE/ip/AlohaHE_mig_7series_0_0/AlohaHE_mig_7series_0_0/user_design/rtl/clocking/mig_7series_v4_2_infrastructure.v" into library xil_defaultlib
INFO: [VRFC 10-311] analyzing module mig_7series_v4_2_infrastructure
INFO: [VRFC 10-2263] Analyzing Verilog file "/home/sam/Documents/thesis-defense/thesis_Aloha-HE/Aloha-HE_Kintex/Aloha-HE_Kintex.ip_user_files/bd/AlohaHE/ip/AlohaHE_mig_7series_0_0/AlohaHE_mig_7series_0_0/user_design/rtl/ui/mig_7series_v4_2_ui_top.v" into library xil_defaultlib
INFO: [VRFC 10-311] analyzing module mig_7series_v4_2_ui_top
INFO: [VRFC 10-2263] Analyzing Verilog file "/home/sam/Documents/thesis-defense/thesis_Aloha-HE/Aloha-HE_Kintex/Aloha-HE_Kintex.ip_user_files/bd/AlohaHE/ip/AlohaHE_mig_7series_0_0/AlohaHE_mig_7series_0_0/user_design/rtl/ui/mig_7series_v4_2_ui_rd_data.v" into library xil_defaultlib
INFO: [VRFC 10-311] analyzing module mig_7series_v4_2_ui_rd_data
INFO: [VRFC 10-2263] Analyzing Verilog file "/home/sam/Documents/thesis-defense/thesis_Aloha-HE/Aloha-HE_Kintex/Aloha-HE_Kintex.ip_user_files/bd/AlohaHE/ip/AlohaHE_mig_7series_0_0/AlohaHE_mig_7series_0_0/user_design/rtl/ui/mig_7series_v4_2_ui_cmd.v" into library xil_defaultlib
INFO: [VRFC 10-311] analyzing module mig_7series_v4_2_ui_cmd
INFO: [VRFC 10-2263] Analyzing Verilog file "/home/sam/Documents/thesis-defense/thesis_Aloha-HE/Aloha-HE_Kintex/Aloha-HE_Kintex.ip_user_files/bd/AlohaHE/ip/AlohaHE_mig_7series_0_0/AlohaHE_mig_7series_0_0/user_design/rtl/ui/mig_7series_v4_2_ui_wr_data.v" into library xil_defaultlib
INFO: [VRFC 10-311] analyzing module mig_7series_v4_2_ui_wr_data
INFO: [VRFC 10-2263] Analyzing Verilog file "/home/sam/Documents/thesis-defense/thesis_Aloha-HE/Aloha-HE_Kintex/Aloha-HE_Kintex.ip_user_files/bd/AlohaHE/ip/AlohaHE_mig_7series_0_0/AlohaHE_mig_7series_0_0/user_design/rtl/ip_top/mig_7series_v4_2_memc_ui_top_axi.v" into library xil_defaultlib
INFO: [VRFC 10-311] analyzing module mig_7series_v4_2_memc_ui_top_axi
INFO: [VRFC 10-2263] Analyzing Verilog file "/home/sam/Documents/thesis-defense/thesis_Aloha-HE/Aloha-HE_Kintex/Aloha-HE_Kintex.ip_user_files/bd/AlohaHE/ip/AlohaHE_mig_7series_0_0/AlohaHE_mig_7series_0_0/user_design/rtl/ip_top/mig_7series_v4_2_mem_intfc.v" into library xil_defaultlib
INFO: [VRFC 10-311] analyzing module mig_7series_v4_2_mem_intfc
INFO: [VRFC 10-2263] Analyzing Verilog file "/home/sam/Documents/thesis-defense/thesis_Aloha-HE/Aloha-HE_Kintex/Aloha-HE_Kintex.ip_user_files/bd/AlohaHE/ip/AlohaHE_mig_7series_0_0/AlohaHE_mig_7series_0_0/user_design/rtl/ecc/mig_7series_v4_2_ecc_merge_enc.v" into library xil_defaultlib
INFO: [VRFC 10-311] analyzing module mig_7series_v4_2_ecc_merge_enc
INFO: [VRFC 10-2263] Analyzing Verilog file "/home/sam/Documents/thesis-defense/thesis_Aloha-HE/Aloha-HE_Kintex/Aloha-HE_Kintex.ip_user_files/bd/AlohaHE/ip/AlohaHE_mig_7series_0_0/AlohaHE_mig_7series_0_0/user_design/rtl/ecc/mig_7series_v4_2_ecc_dec_fix.v" into library xil_defaultlib
INFO: [VRFC 10-311] analyzing module mig_7series_v4_2_ecc_dec_fix
INFO: [VRFC 10-2263] Analyzing Verilog file "/home/sam/Documents/thesis-defense/thesis_Aloha-HE/Aloha-HE_Kintex/Aloha-HE_Kintex.ip_user_files/bd/AlohaHE/ip/AlohaHE_mig_7series_0_0/AlohaHE_mig_7series_0_0/user_design/rtl/ecc/mig_7series_v4_2_ecc_buf.v" into library xil_defaultlib
INFO: [VRFC 10-311] analyzing module mig_7series_v4_2_ecc_buf
INFO: [VRFC 10-2263] Analyzing Verilog file "/home/sam/Documents/thesis-defense/thesis_Aloha-HE/Aloha-HE_Kintex/Aloha-HE_Kintex.ip_user_files/bd/AlohaHE/ip/AlohaHE_mig_7series_0_0/AlohaHE_mig_7series_0_0/user_design/rtl/ecc/mig_7series_v4_2_fi_xor.v" into library xil_defaultlib
INFO: [VRFC 10-311] analyzing module mig_7series_v4_2_fi_xor
INFO: [VRFC 10-2263] Analyzing Verilog file "/home/sam/Documents/thesis-defense/thesis_Aloha-HE/Aloha-HE_Kintex/Aloha-HE_Kintex.ip_user_files/bd/AlohaHE/ip/AlohaHE_mig_7series_0_0/AlohaHE_mig_7series_0_0/user_design/rtl/ecc/mig_7series_v4_2_ecc_gen.v" into library xil_defaultlib
INFO: [VRFC 10-311] analyzing module mig_7series_v4_2_ecc_gen
INFO: [VRFC 10-2263] Analyzing Verilog file "/home/sam/Documents/thesis-defense/thesis_Aloha-HE/Aloha-HE_Kintex/Aloha-HE_Kintex.ip_user_files/bd/AlohaHE/ip/AlohaHE_mig_7series_0_0/AlohaHE_mig_7series_0_0/user_design/rtl/controller/mig_7series_v4_2_rank_common.v" into library xil_defaultlib
INFO: [VRFC 10-311] analyzing module mig_7series_v4_2_rank_common
INFO: [VRFC 10-2263] Analyzing Verilog file "/home/sam/Documents/thesis-defense/thesis_Aloha-HE/Aloha-HE_Kintex/Aloha-HE_Kintex.ip_user_files/bd/AlohaHE/ip/AlohaHE_mig_7series_0_0/AlohaHE_mig_7series_0_0/user_design/rtl/controller/mig_7series_v4_2_bank_state.v" into library xil_defaultlib
INFO: [VRFC 10-311] analyzing module mig_7series_v4_2_bank_state
INFO: [VRFC 10-2263] Analyzing Verilog file "/home/sam/Documents/thesis-defense/thesis_Aloha-HE/Aloha-HE_Kintex/Aloha-HE_Kintex.ip_user_files/bd/AlohaHE/ip/AlohaHE_mig_7series_0_0/AlohaHE_mig_7series_0_0/user_design/rtl/controller/mig_7series_v4_2_bank_cntrl.v" into library xil_defaultlib
INFO: [VRFC 10-311] analyzing module mig_7series_v4_2_bank_cntrl
INFO: [VRFC 10-2263] Analyzing Verilog file "/home/sam/Documents/thesis-defense/thesis_Aloha-HE/Aloha-HE_Kintex/Aloha-HE_Kintex.ip_user_files/bd/AlohaHE/ip/AlohaHE_mig_7series_0_0/AlohaHE_mig_7series_0_0/user_design/rtl/controller/mig_7series_v4_2_arb_select.v" into library xil_defaultlib
INFO: [VRFC 10-311] analyzing module mig_7series_v4_2_arb_select
INFO: [VRFC 10-2263] Analyzing Verilog file "/home/sam/Documents/thesis-defense/thesis_Aloha-HE/Aloha-HE_Kintex/Aloha-HE_Kintex.ip_user_files/bd/AlohaHE/ip/AlohaHE_mig_7series_0_0/AlohaHE_mig_7series_0_0/user_design/rtl/controller/mig_7series_v4_2_bank_compare.v" into library xil_defaultlib
INFO: [VRFC 10-311] analyzing module mig_7series_v4_2_bank_compare
INFO: [VRFC 10-2263] Analyzing Verilog file "/home/sam/Documents/thesis-defense/thesis_Aloha-HE/Aloha-HE_Kintex/Aloha-HE_Kintex.ip_user_files/bd/AlohaHE/ip/AlohaHE_mig_7series_0_0/AlohaHE_mig_7series_0_0/user_design/rtl/controller/mig_7series_v4_2_arb_row_col.v" into library xil_defaultlib
INFO: [VRFC 10-311] analyzing module mig_7series_v4_2_arb_row_col
WARNING: [VRFC 10-2654] begin/end is required for generate-for in this mode of verilog [/home/sam/Documents/thesis-defense/thesis_Aloha-HE/Aloha-HE_Kintex/Aloha-HE_Kintex.ip_user_files/bd/AlohaHE/ip/AlohaHE_mig_7series_0_0/AlohaHE_mig_7series_0_0/user_design/rtl/controller/mig_7series_v4_2_arb_row_col.v:252]
INFO: [VRFC 10-2263] Analyzing Verilog file "/home/sam/Documents/thesis-defense/thesis_Aloha-HE/Aloha-HE_Kintex/Aloha-HE_Kintex.ip_user_files/bd/AlohaHE/ip/AlohaHE_mig_7series_0_0/AlohaHE_mig_7series_0_0/user_design/rtl/controller/mig_7series_v4_2_bank_queue.v" into library xil_defaultlib
INFO: [VRFC 10-311] analyzing module mig_7series_v4_2_bank_queue
INFO: [VRFC 10-2263] Analyzing Verilog file "/home/sam/Documents/thesis-defense/thesis_Aloha-HE/Aloha-HE_Kintex/Aloha-HE_Kintex.ip_user_files/bd/AlohaHE/ip/AlohaHE_mig_7series_0_0/AlohaHE_mig_7series_0_0/user_design/rtl/controller/mig_7series_v4_2_mc.v" into library xil_defaultlib
INFO: [VRFC 10-311] analyzing module mig_7series_v4_2_mc
INFO: [VRFC 10-2263] Analyzing Verilog file "/home/sam/Documents/thesis-defense/thesis_Aloha-HE/Aloha-HE_Kintex/Aloha-HE_Kintex.ip_user_files/bd/AlohaHE/ip/AlohaHE_mig_7series_0_0/AlohaHE_mig_7series_0_0/user_design/rtl/controller/mig_7series_v4_2_round_robin_arb.v" into library xil_defaultlib
INFO: [VRFC 10-311] analyzing module mig_7series_v4_2_round_robin_arb
INFO: [VRFC 10-2263] Analyzing Verilog file "/home/sam/Documents/thesis-defense/thesis_Aloha-HE/Aloha-HE_Kintex/Aloha-HE_Kintex.ip_user_files/bd/AlohaHE/ip/AlohaHE_mig_7series_0_0/AlohaHE_mig_7series_0_0/user_design/rtl/controller/mig_7series_v4_2_bank_mach.v" into library xil_defaultlib
INFO: [VRFC 10-311] analyzing module mig_7series_v4_2_bank_mach
INFO: [VRFC 10-2263] Analyzing Verilog file "/home/sam/Documents/thesis-defense/thesis_Aloha-HE/Aloha-HE_Kintex/Aloha-HE_Kintex.ip_user_files/bd/AlohaHE/ip/AlohaHE_mig_7series_0_0/AlohaHE_mig_7series_0_0/user_design/rtl/controller/mig_7series_v4_2_rank_mach.v" into library xil_defaultlib
INFO: [VRFC 10-311] analyzing module mig_7series_v4_2_rank_mach
INFO: [VRFC 10-2263] Analyzing Verilog file "/home/sam/Documents/thesis-defense/thesis_Aloha-HE/Aloha-HE_Kintex/Aloha-HE_Kintex.ip_user_files/bd/AlohaHE/ip/AlohaHE_mig_7series_0_0/AlohaHE_mig_7series_0_0/user_design/rtl/controller/mig_7series_v4_2_arb_mux.v" into library xil_defaultlib
INFO: [VRFC 10-311] analyzing module mig_7series_v4_2_arb_mux
INFO: [VRFC 10-2263] Analyzing Verilog file "/home/sam/Documents/thesis-defense/thesis_Aloha-HE/Aloha-HE_Kintex/Aloha-HE_Kintex.ip_user_files/bd/AlohaHE/ip/AlohaHE_mig_7series_0_0/AlohaHE_mig_7series_0_0/user_design/rtl/controller/mig_7series_v4_2_rank_cntrl.v" into library xil_defaultlib
INFO: [VRFC 10-311] analyzing module mig_7series_v4_2_rank_cntrl
INFO: [VRFC 10-2263] Analyzing Verilog file "/home/sam/Documents/thesis-defense/thesis_Aloha-HE/Aloha-HE_Kintex/Aloha-HE_Kintex.ip_user_files/bd/AlohaHE/ip/AlohaHE_mig_7series_0_0/AlohaHE_mig_7series_0_0/user_design/rtl/controller/mig_7series_v4_2_col_mach.v" into library xil_defaultlib
INFO: [VRFC 10-311] analyzing module mig_7series_v4_2_col_mach
INFO: [VRFC 10-2263] Analyzing Verilog file "/home/sam/Documents/thesis-defense/thesis_Aloha-HE/Aloha-HE_Kintex/Aloha-HE_Kintex.ip_user_files/bd/AlohaHE/ip/AlohaHE_mig_7series_0_0/AlohaHE_mig_7series_0_0/user_design/rtl/controller/mig_7series_v4_2_bank_common.v" into library xil_defaultlib
INFO: [VRFC 10-311] analyzing module mig_7series_v4_2_bank_common
INFO: [VRFC 10-2263] Analyzing Verilog file "/home/sam/Documents/thesis-defense/thesis_Aloha-HE/Aloha-HE_Kintex/Aloha-HE_Kintex.ip_user_files/bd/AlohaHE/ip/AlohaHE_mig_7series_0_0/AlohaHE_mig_7series_0_0/user_design/rtl/phy/mig_7series_v4_2_poc_tap_base.v" into library xil_defaultlib
INFO: [VRFC 10-311] analyzing module mig_7series_v4_2_poc_tap_base
INFO: [VRFC 10-2263] Analyzing Verilog file "/home/sam/Documents/thesis-defense/thesis_Aloha-HE/Aloha-HE_Kintex/Aloha-HE_Kintex.ip_user_files/bd/AlohaHE/ip/AlohaHE_mig_7series_0_0/AlohaHE_mig_7series_0_0/user_design/rtl/phy/mig_7series_v4_2_poc_edge_store.v" into library xil_defaultlib
INFO: [VRFC 10-311] analyzing module mig_7series_v4_2_poc_edge_store
INFO: [VRFC 10-2263] Analyzing Verilog file "/home/sam/Documents/thesis-defense/thesis_Aloha-HE/Aloha-HE_Kintex/Aloha-HE_Kintex.ip_user_files/bd/AlohaHE/ip/AlohaHE_mig_7series_0_0/AlohaHE_mig_7series_0_0/user_design/rtl/phy/mig_7series_v4_2_poc_pd.v" into library xil_defaultlib
INFO: [VRFC 10-311] analyzing module mig_7series_v4_2_poc_pd
INFO: [VRFC 10-2263] Analyzing Verilog file "/home/sam/Documents/thesis-defense/thesis_Aloha-HE/Aloha-HE_Kintex/Aloha-HE_Kintex.ip_user_files/bd/AlohaHE/ip/AlohaHE_mig_7series_0_0/AlohaHE_mig_7series_0_0/user_design/rtl/phy/mig_7series_v4_2_ddr_phy_dqs_found_cal.v" into library xil_defaultlib
INFO: [VRFC 10-311] analyzing module mig_7series_v4_2_ddr_phy_dqs_found_cal
INFO: [VRFC 10-2263] Analyzing Verilog file "/home/sam/Documents/thesis-defense/thesis_Aloha-HE/Aloha-HE_Kintex/Aloha-HE_Kintex.ip_user_files/bd/AlohaHE/ip/AlohaHE_mig_7series_0_0/AlohaHE_mig_7series_0_0/user_design/rtl/phy/mig_7series_v4_2_ddr_phy_ocd_samp.v" into library xil_defaultlib
INFO: [VRFC 10-311] analyzing module mig_7series_v4_2_ddr_phy_ocd_samp
INFO: [VRFC 10-2263] Analyzing Verilog file "/home/sam/Documents/thesis-defense/thesis_Aloha-HE/Aloha-HE_Kintex/Aloha-HE_Kintex.ip_user_files/bd/AlohaHE/ip/AlohaHE_mig_7series_0_0/AlohaHE_mig_7series_0_0/user_design/rtl/phy/mig_7series_v4_2_ddr_phy_rdlvl.v" into library xil_defaultlib
INFO: [VRFC 10-311] analyzing module mig_7series_v4_2_ddr_phy_rdlvl
INFO: [VRFC 10-2263] Analyzing Verilog file "/home/sam/Documents/thesis-defense/thesis_Aloha-HE/Aloha-HE_Kintex/Aloha-HE_Kintex.ip_user_files/bd/AlohaHE/ip/AlohaHE_mig_7series_0_0/AlohaHE_mig_7series_0_0/user_design/rtl/phy/mig_7series_v4_2_ddr_phy_wrcal.v" into library xil_defaultlib
INFO: [VRFC 10-311] analyzing module mig_7series_v4_2_ddr_phy_wrcal
INFO: [VRFC 10-2263] Analyzing Verilog file "/home/sam/Documents/thesis-defense/thesis_Aloha-HE/Aloha-HE_Kintex/Aloha-HE_Kintex.ip_user_files/bd/AlohaHE/ip/AlohaHE_mig_7series_0_0/AlohaHE_mig_7series_0_0/user_design/rtl/phy/mig_7series_v4_2_ddr_phy_wrlvl.v" into library xil_defaultlib
INFO: [VRFC 10-311] analyzing module mig_7series_v4_2_ddr_phy_wrlvl
INFO: [VRFC 10-2263] Analyzing Verilog file "/home/sam/Documents/thesis-defense/thesis_Aloha-HE/Aloha-HE_Kintex/Aloha-HE_Kintex.ip_user_files/bd/AlohaHE/ip/AlohaHE_mig_7series_0_0/AlohaHE_mig_7series_0_0/user_design/rtl/phy/mig_7series_v4_2_ddr_phy_init.v" into library xil_defaultlib
INFO: [VRFC 10-311] analyzing module mig_7series_v4_2_ddr_phy_init
INFO: [VRFC 10-2263] Analyzing Verilog file "/home/sam/Documents/thesis-defense/thesis_Aloha-HE/Aloha-HE_Kintex/Aloha-HE_Kintex.ip_user_files/bd/AlohaHE/ip/AlohaHE_mig_7series_0_0/AlohaHE_mig_7series_0_0/user_design/rtl/phy/mig_7series_v4_2_ddr_phy_ocd_data.v" into library xil_defaultlib
INFO: [VRFC 10-311] analyzing module mig_7series_v4_2_ddr_phy_ocd_data
INFO: [VRFC 10-2263] Analyzing Verilog file "/home/sam/Documents/thesis-defense/thesis_Aloha-HE/Aloha-HE_Kintex/Aloha-HE_Kintex.ip_user_files/bd/AlohaHE/ip/AlohaHE_mig_7series_0_0/AlohaHE_mig_7series_0_0/user_design/rtl/phy/mig_7series_v4_2_ddr_calib_top.v" into library xil_defaultlib
INFO: [VRFC 10-311] analyzing module mig_7series_v4_2_ddr_calib_top
INFO: [VRFC 10-2263] Analyzing Verilog file "/home/sam/Documents/thesis-defense/thesis_Aloha-HE/Aloha-HE_Kintex/Aloha-HE_Kintex.ip_user_files/bd/AlohaHE/ip/AlohaHE_mig_7series_0_0/AlohaHE_mig_7series_0_0/user_design/rtl/phy/mig_7series_v4_2_ddr_phy_ocd_po_cntlr.v" into library xil_defaultlib
INFO: [VRFC 10-311] analyzing module mig_7series_v4_2_ddr_phy_ocd_po_cntlr
INFO: [VRFC 10-2263] Analyzing Verilog file "/home/sam/Documents/thesis-defense/thesis_Aloha-HE/Aloha-HE_Kintex/Aloha-HE_Kintex.ip_user_files/bd/AlohaHE/ip/AlohaHE_mig_7series_0_0/AlohaHE_mig_7series_0_0/user_design/rtl/phy/mig_7series_v4_2_poc_cc.v" into library xil_defaultlib
INFO: [VRFC 10-311] analyzing module mig_7series_v4_2_poc_cc
INFO: [VRFC 10-2263] Analyzing Verilog file "/home/sam/Documents/thesis-defense/thesis_Aloha-HE/Aloha-HE_Kintex/Aloha-HE_Kintex.ip_user_files/bd/AlohaHE/ip/AlohaHE_mig_7series_0_0/AlohaHE_mig_7series_0_0/user_design/rtl/phy/mig_7series_v4_2_ddr_phy_prbs_rdlvl.v" into library xil_defaultlib
INFO: [VRFC 10-311] analyzing module mig_7series_v4_2_ddr_phy_prbs_rdlvl
INFO: [VRFC 10-2263] Analyzing Verilog file "/home/sam/Documents/thesis-defense/thesis_Aloha-HE/Aloha-HE_Kintex/Aloha-HE_Kintex.ip_user_files/bd/AlohaHE/ip/AlohaHE_mig_7series_0_0/AlohaHE_mig_7series_0_0/user_design/rtl/phy/mig_7series_v4_2_ddr_mc_phy.v" into library xil_defaultlib
INFO: [VRFC 10-311] analyzing module mig_7series_v4_2_ddr_mc_phy
INFO: [VRFC 10-2263] Analyzing Verilog file "/home/sam/Documents/thesis-defense/thesis_Aloha-HE/Aloha-HE_Kintex/Aloha-HE_Kintex.ip_user_files/bd/AlohaHE/ip/AlohaHE_mig_7series_0_0/AlohaHE_mig_7series_0_0/user_design/rtl/phy/mig_7series_v4_2_poc_top.v" into library xil_defaultlib
INFO: [VRFC 10-311] analyzing module mig_7series_v4_2_poc_top
INFO: [VRFC 10-2263] Analyzing Verilog file "/home/sam/Documents/thesis-defense/thesis_Aloha-HE/Aloha-HE_Kintex/Aloha-HE_Kintex.ip_user_files/bd/AlohaHE/ip/AlohaHE_mig_7series_0_0/AlohaHE_mig_7series_0_0/user_design/rtl/phy/mig_7series_v4_2_poc_meta.v" into library xil_defaultlib
INFO: [VRFC 10-311] analyzing module mig_7series_v4_2_poc_meta
INFO: [VRFC 10-2263] Analyzing Verilog file "/home/sam/Documents/thesis-defense/thesis_Aloha-HE/Aloha-HE_Kintex/Aloha-HE_Kintex.ip_user_files/bd/AlohaHE/ip/AlohaHE_mig_7series_0_0/AlohaHE_mig_7series_0_0/user_design/rtl/phy/mig_7series_v4_2_ddr_phy_tempmon.v" into library xil_defaultlib
INFO: [VRFC 10-311] analyzing module mig_7series_v4_2_ddr_phy_tempmon
INFO: [VRFC 10-2263] Analyzing Verilog file "/home/sam/Documents/thesis-defense/thesis_Aloha-HE/Aloha-HE_Kintex/Aloha-HE_Kintex.ip_user_files/bd/AlohaHE/ip/AlohaHE_mig_7series_0_0/AlohaHE_mig_7series_0_0/user_design/rtl/phy/mig_7series_v4_2_ddr_if_post_fifo.v" into library xil_defaultlib
INFO: [VRFC 10-311] analyzing module mig_7series_v4_2_ddr_if_post_fifo
INFO: [VRFC 10-2263] Analyzing Verilog file "/home/sam/Documents/thesis-defense/thesis_Aloha-HE/Aloha-HE_Kintex/Aloha-HE_Kintex.ip_user_files/bd/AlohaHE/ip/AlohaHE_mig_7series_0_0/AlohaHE_mig_7series_0_0/user_design/rtl/phy/mig_7series_v4_2_ddr_phy_ocd_edge.v" into library xil_defaultlib
INFO: [VRFC 10-311] analyzing module mig_7series_v4_2_ddr_phy_ocd_edge
INFO: [VRFC 10-2263] Analyzing Verilog file "/home/sam/Documents/thesis-defense/thesis_Aloha-HE/Aloha-HE_Kintex/Aloha-HE_Kintex.ip_user_files/bd/AlohaHE/ip/AlohaHE_mig_7series_0_0/AlohaHE_mig_7series_0_0/user_design/rtl/phy/mig_7series_v4_2_ddr_phy_ocd_mux.v" into library xil_defaultlib
INFO: [VRFC 10-311] analyzing module mig_7series_v4_2_ddr_phy_ocd_mux
INFO: [VRFC 10-2263] Analyzing Verilog file "/home/sam/Documents/thesis-defense/thesis_Aloha-HE/Aloha-HE_Kintex/Aloha-HE_Kintex.ip_user_files/bd/AlohaHE/ip/AlohaHE_mig_7series_0_0/AlohaHE_mig_7series_0_0/user_design/rtl/phy/mig_7series_v4_2_ddr_phy_4lanes.v" into library xil_defaultlib
INFO: [VRFC 10-311] analyzing module mig_7series_v4_2_ddr_phy_4lanes
INFO: [VRFC 10-2263] Analyzing Verilog file "/home/sam/Documents/thesis-defense/thesis_Aloha-HE/Aloha-HE_Kintex/Aloha-HE_Kintex.ip_user_files/bd/AlohaHE/ip/AlohaHE_mig_7series_0_0/AlohaHE_mig_7series_0_0/user_design/rtl/phy/mig_7series_v4_2_ddr_prbs_gen.v" into library xil_defaultlib
INFO: [VRFC 10-311] analyzing module mig_7series_v4_2_ddr_prbs_gen
INFO: [VRFC 10-2263] Analyzing Verilog file "/home/sam/Documents/thesis-defense/thesis_Aloha-HE/Aloha-HE_Kintex/Aloha-HE_Kintex.ip_user_files/bd/AlohaHE/ip/AlohaHE_mig_7series_0_0/AlohaHE_mig_7series_0_0/user_design/rtl/phy/mig_7series_v4_2_ddr_byte_lane.v" into library xil_defaultlib
INFO: [VRFC 10-311] analyzing module mig_7series_v4_2_ddr_byte_lane
INFO: [VRFC 10-2263] Analyzing Verilog file "/home/sam/Documents/thesis-defense/thesis_Aloha-HE/Aloha-HE_Kintex/Aloha-HE_Kintex.ip_user_files/bd/AlohaHE/ip/AlohaHE_mig_7series_0_0/AlohaHE_mig_7series_0_0/user_design/rtl/phy/mig_7series_v4_2_ddr_phy_wrlvl_off_delay.v" into library xil_defaultlib
INFO: [VRFC 10-311] analyzing module mig_7series_v4_2_ddr_phy_wrlvl_off_delay
INFO: [VRFC 10-2263] Analyzing Verilog file "/home/sam/Documents/thesis-defense/thesis_Aloha-HE/Aloha-HE_Kintex/Aloha-HE_Kintex.ip_user_files/bd/AlohaHE/ip/AlohaHE_mig_7series_0_0/AlohaHE_mig_7series_0_0/user_design/rtl/phy/mig_7series_v4_2_ddr_of_pre_fifo.v" into library xil_defaultlib
INFO: [VRFC 10-311] analyzing module mig_7series_v4_2_ddr_of_pre_fifo
INFO: [VRFC 10-2263] Analyzing Verilog file "/home/sam/Documents/thesis-defense/thesis_Aloha-HE/Aloha-HE_Kintex/Aloha-HE_Kintex.ip_user_files/bd/AlohaHE/ip/AlohaHE_mig_7series_0_0/AlohaHE_mig_7series_0_0/user_design/rtl/phy/mig_7series_v4_2_ddr_phy_oclkdelay_cal.v" into library xil_defaultlib
INFO: [VRFC 10-311] analyzing module mig_7series_v4_2_ddr_phy_oclkdelay_cal
INFO: [VRFC 10-2263] Analyzing Verilog file "/home/sam/Documents/thesis-defense/thesis_Aloha-HE/Aloha-HE_Kintex/Aloha-HE_Kintex.ip_user_files/bd/AlohaHE/ip/AlohaHE_mig_7series_0_0/AlohaHE_mig_7series_0_0/user_design/rtl/phy/mig_7series_v4_2_ddr_phy_dqs_found_cal_hr.v" into library xil_defaultlib
INFO: [VRFC 10-311] analyzing module mig_7series_v4_2_ddr_phy_dqs_found_cal_hr
INFO: [VRFC 10-2263] Analyzing Verilog file "/home/sam/Documents/thesis-defense/thesis_Aloha-HE/Aloha-HE_Kintex/Aloha-HE_Kintex.ip_user_files/bd/AlohaHE/ip/AlohaHE_mig_7series_0_0/AlohaHE_mig_7series_0_0/user_design/rtl/phy/mig_7series_v4_2_ddr_phy_ck_addr_cmd_delay.v" into library xil_defaultlib
INFO: [VRFC 10-311] analyzing module mig_7series_v4_2_ddr_phy_ck_addr_cmd_delay
INFO: [VRFC 10-2263] Analyzing Verilog file "/home/sam/Documents/thesis-defense/thesis_Aloha-HE/Aloha-HE_Kintex/Aloha-HE_Kintex.ip_user_files/bd/AlohaHE/ip/AlohaHE_mig_7series_0_0/AlohaHE_mig_7series_0_0/user_design/rtl/phy/mig_7series_v4_2_ddr_phy_ocd_lim.v" into library xil_defaultlib
INFO: [VRFC 10-311] analyzing module mig_7series_v4_2_ddr_phy_ocd_lim
INFO: [VRFC 10-2263] Analyzing Verilog file "/home/sam/Documents/thesis-defense/thesis_Aloha-HE/Aloha-HE_Kintex/Aloha-HE_Kintex.ip_user_files/bd/AlohaHE/ip/AlohaHE_mig_7series_0_0/AlohaHE_mig_7series_0_0/user_design/rtl/phy/mig_7series_v4_2_ddr_mc_phy_wrapper.v" into library xil_defaultlib
INFO: [VRFC 10-311] analyzing module mig_7series_v4_2_ddr_mc_phy_wrapper
INFO: [VRFC 10-2263] Analyzing Verilog file "/home/sam/Documents/thesis-defense/thesis_Aloha-HE/Aloha-HE_Kintex/Aloha-HE_Kintex.ip_user_files/bd/AlohaHE/ip/AlohaHE_mig_7series_0_0/AlohaHE_mig_7series_0_0/user_design/rtl/phy/mig_7series_v4_2_ddr_byte_group_io.v" into library xil_defaultlib
INFO: [VRFC 10-311] analyzing module mig_7series_v4_2_ddr_byte_group_io
INFO: [VRFC 10-2263] Analyzing Verilog file "/home/sam/Documents/thesis-defense/thesis_Aloha-HE/Aloha-HE_Kintex/Aloha-HE_Kintex.ip_user_files/bd/AlohaHE/ip/AlohaHE_mig_7series_0_0/AlohaHE_mig_7series_0_0/user_design/rtl/phy/mig_7series_v4_2_ddr_phy_ocd_cntlr.v" into library xil_defaultlib
INFO: [VRFC 10-311] analyzing module mig_7series_v4_2_ddr_phy_ocd_cntlr
INFO: [VRFC 10-2263] Analyzing Verilog file "/home/sam/Documents/thesis-defense/thesis_Aloha-HE/Aloha-HE_Kintex/Aloha-HE_Kintex.ip_user_files/bd/AlohaHE/ip/AlohaHE_mig_7series_0_0/AlohaHE_mig_7series_0_0/user_design/rtl/phy/mig_7series_v4_2_ddr_skip_calib_tap.v" into library xil_defaultlib
INFO: [VRFC 10-311] analyzing module mig_7series_v4_2_ddr_skip_calib_tap
INFO: [VRFC 10-2263] Analyzing Verilog file "/home/sam/Documents/thesis-defense/thesis_Aloha-HE/Aloha-HE_Kintex/Aloha-HE_Kintex.ip_user_files/bd/AlohaHE/ip/AlohaHE_mig_7series_0_0/AlohaHE_mig_7series_0_0/user_design/rtl/phy/mig_7series_v4_2_ddr_phy_top.v" into library xil_defaultlib
INFO: [VRFC 10-311] analyzing module mig_7series_v4_2_ddr_phy_top
INFO: [VRFC 10-2263] Analyzing Verilog file "/home/sam/Documents/thesis-defense/thesis_Aloha-HE/Aloha-HE_Kintex/Aloha-HE_Kintex.ip_user_files/bd/AlohaHE/ip/AlohaHE_mig_7series_0_0/AlohaHE_mig_7series_0_0/user_design/rtl/axi/mig_7series_v4_2_axi_mc_w_channel.v" into library xil_defaultlib
INFO: [VRFC 10-311] analyzing module mig_7series_v4_2_axi_mc_w_channel
INFO: [VRFC 10-2263] Analyzing Verilog file "/home/sam/Documents/thesis-defense/thesis_Aloha-HE/Aloha-HE_Kintex/Aloha-HE_Kintex.ip_user_files/bd/AlohaHE/ip/AlohaHE_mig_7series_0_0/AlohaHE_mig_7series_0_0/user_design/rtl/axi/mig_7series_v4_2_axi_mc_cmd_translator.v" into library xil_defaultlib
INFO: [VRFC 10-311] analyzing module mig_7series_v4_2_axi_mc_cmd_translator
INFO: [VRFC 10-2263] Analyzing Verilog file "/home/sam/Documents/thesis-defense/thesis_Aloha-HE/Aloha-HE_Kintex/Aloha-HE_Kintex.ip_user_files/bd/AlohaHE/ip/AlohaHE_mig_7series_0_0/AlohaHE_mig_7series_0_0/user_design/rtl/axi/mig_7series_v4_2_axi_mc_b_channel.v" into library xil_defaultlib
INFO: [VRFC 10-311] analyzing module mig_7series_v4_2_axi_mc_b_channel
INFO: [VRFC 10-2263] Analyzing Verilog file "/home/sam/Documents/thesis-defense/thesis_Aloha-HE/Aloha-HE_Kintex/Aloha-HE_Kintex.ip_user_files/bd/AlohaHE/ip/AlohaHE_mig_7series_0_0/AlohaHE_mig_7series_0_0/user_design/rtl/axi/mig_7series_v4_2_axi_mc.v" into library xil_defaultlib
INFO: [VRFC 10-311] analyzing module mig_7series_v4_2_axi_mc
INFO: [VRFC 10-2263] Analyzing Verilog file "/home/sam/Documents/thesis-defense/thesis_Aloha-HE/Aloha-HE_Kintex/Aloha-HE_Kintex.ip_user_files/bd/AlohaHE/ip/AlohaHE_mig_7series_0_0/AlohaHE_mig_7series_0_0/user_design/rtl/axi/mig_7series_v4_2_ddr_a_upsizer.v" into library xil_defaultlib
INFO: [VRFC 10-311] analyzing module mig_7series_v4_2_ddr_a_upsizer
INFO: [VRFC 10-2263] Analyzing Verilog file "/home/sam/Documents/thesis-defense/thesis_Aloha-HE/Aloha-HE_Kintex/Aloha-HE_Kintex.ip_user_files/bd/AlohaHE/ip/AlohaHE_mig_7series_0_0/AlohaHE_mig_7series_0_0/user_design/rtl/axi/mig_7series_v4_2_axi_ctrl_read.v" into library xil_defaultlib
INFO: [VRFC 10-311] analyzing module mig_7series_v4_2_axi_ctrl_read
INFO: [VRFC 10-2263] Analyzing Verilog file "/home/sam/Documents/thesis-defense/thesis_Aloha-HE/Aloha-HE_Kintex/Aloha-HE_Kintex.ip_user_files/bd/AlohaHE/ip/AlohaHE_mig_7series_0_0/AlohaHE_mig_7series_0_0/user_design/rtl/axi/mig_7series_v4_2_axi_mc_aw_channel.v" into library xil_defaultlib
INFO: [VRFC 10-311] analyzing module mig_7series_v4_2_axi_mc_aw_channel
INFO: [VRFC 10-2263] Analyzing Verilog file "/home/sam/Documents/thesis-defense/thesis_Aloha-HE/Aloha-HE_Kintex/Aloha-HE_Kintex.ip_user_files/bd/AlohaHE/ip/AlohaHE_mig_7series_0_0/AlohaHE_mig_7series_0_0/user_design/rtl/axi/mig_7series_v4_2_axi_mc_incr_cmd.v" into library xil_defaultlib
INFO: [VRFC 10-311] analyzing module mig_7series_v4_2_axi_mc_incr_cmd
INFO: [VRFC 10-2263] Analyzing Verilog file "/home/sam/Documents/thesis-defense/thesis_Aloha-HE/Aloha-HE_Kintex/Aloha-HE_Kintex.ip_user_files/bd/AlohaHE/ip/AlohaHE_mig_7series_0_0/AlohaHE_mig_7series_0_0/user_design/rtl/axi/mig_7series_v4_2_ddr_carry_latch_and.v" into library xil_defaultlib
INFO: [VRFC 10-311] analyzing module mig_7series_v4_2_ddr_carry_latch_and
INFO: [VRFC 10-2263] Analyzing Verilog file "/home/sam/Documents/thesis-defense/thesis_Aloha-HE/Aloha-HE_Kintex/Aloha-HE_Kintex.ip_user_files/bd/AlohaHE/ip/AlohaHE_mig_7series_0_0/AlohaHE_mig_7series_0_0/user_design/rtl/axi/mig_7series_v4_2_axi_ctrl_reg.v" into library xil_defaultlib
INFO: [VRFC 10-311] analyzing module mig_7series_v4_2_axi_ctrl_reg
INFO: [VRFC 10-2263] Analyzing Verilog file "/home/sam/Documents/thesis-defense/thesis_Aloha-HE/Aloha-HE_Kintex/Aloha-HE_Kintex.ip_user_files/bd/AlohaHE/ip/AlohaHE_mig_7series_0_0/AlohaHE_mig_7series_0_0/user_design/rtl/axi/mig_7series_v4_2_ddr_w_upsizer.v" into library xil_defaultlib
INFO: [VRFC 10-311] analyzing module mig_7series_v4_2_ddr_w_upsizer
INFO: [VRFC 10-2263] Analyzing Verilog file "/home/sam/Documents/thesis-defense/thesis_Aloha-HE/Aloha-HE_Kintex/Aloha-HE_Kintex.ip_user_files/bd/AlohaHE/ip/AlohaHE_mig_7series_0_0/AlohaHE_mig_7series_0_0/user_design/rtl/axi/mig_7series_v4_2_ddr_axi_register_slice.v" into library xil_defaultlib
INFO: [VRFC 10-311] analyzing module mig_7series_v4_2_ddr_axi_register_slice
INFO: [VRFC 10-2263] Analyzing Verilog file "/home/sam/Documents/thesis-defense/thesis_Aloha-HE/Aloha-HE_Kintex/Aloha-HE_Kintex.ip_user_files/bd/AlohaHE/ip/AlohaHE_mig_7series_0_0/AlohaHE_mig_7series_0_0/user_design/rtl/axi/mig_7series_v4_2_ddr_carry_and.v" into library xil_defaultlib
INFO: [VRFC 10-311] analyzing module mig_7series_v4_2_ddr_carry_and
INFO: [VRFC 10-2263] Analyzing Verilog file "/home/sam/Documents/thesis-defense/thesis_Aloha-HE/Aloha-HE_Kintex/Aloha-HE_Kintex.ip_user_files/bd/AlohaHE/ip/AlohaHE_mig_7series_0_0/AlohaHE_mig_7series_0_0/user_design/rtl/axi/mig_7series_v4_2_ddr_carry_or.v" into library xil_defaultlib
INFO: [VRFC 10-311] analyzing module mig_7series_v4_2_ddr_carry_or
INFO: [VRFC 10-2263] Analyzing Verilog file "/home/sam/Documents/thesis-defense/thesis_Aloha-HE/Aloha-HE_Kintex/Aloha-HE_Kintex.ip_user_files/bd/AlohaHE/ip/AlohaHE_mig_7series_0_0/AlohaHE_mig_7series_0_0/user_design/rtl/axi/mig_7series_v4_2_axi_mc_ar_channel.v" into library xil_defaultlib
INFO: [VRFC 10-311] analyzing module mig_7series_v4_2_axi_mc_ar_channel
INFO: [VRFC 10-2263] Analyzing Verilog file "/home/sam/Documents/thesis-defense/thesis_Aloha-HE/Aloha-HE_Kintex/Aloha-HE_Kintex.ip_user_files/bd/AlohaHE/ip/AlohaHE_mig_7series_0_0/AlohaHE_mig_7series_0_0/user_design/rtl/axi/mig_7series_v4_2_axi_ctrl_top.v" into library xil_defaultlib
INFO: [VRFC 10-311] analyzing module mig_7series_v4_2_axi_ctrl_top
INFO: [VRFC 10-2263] Analyzing Verilog file "/home/sam/Documents/thesis-defense/thesis_Aloha-HE/Aloha-HE_Kintex/Aloha-HE_Kintex.ip_user_files/bd/AlohaHE/ip/AlohaHE_mig_7series_0_0/AlohaHE_mig_7series_0_0/user_design/rtl/axi/mig_7series_v4_2_axi_mc_fifo.v" into library xil_defaultlib
INFO: [VRFC 10-311] analyzing module mig_7series_v4_2_axi_mc_fifo
INFO: [VRFC 10-2263] Analyzing Verilog file "/home/sam/Documents/thesis-defense/thesis_Aloha-HE/Aloha-HE_Kintex/Aloha-HE_Kintex.ip_user_files/bd/AlohaHE/ip/AlohaHE_mig_7series_0_0/AlohaHE_mig_7series_0_0/user_design/rtl/axi/mig_7series_v4_2_ddr_axi_upsizer.v" into library xil_defaultlib
INFO: [VRFC 10-311] analyzing module mig_7series_v4_2_ddr_axi_upsizer
INFO: [VRFC 10-2263] Analyzing Verilog file "/home/sam/Documents/thesis-defense/thesis_Aloha-HE/Aloha-HE_Kintex/Aloha-HE_Kintex.ip_user_files/bd/AlohaHE/ip/AlohaHE_mig_7series_0_0/AlohaHE_mig_7series_0_0/user_design/rtl/axi/mig_7series_v4_2_axi_mc_cmd_arbiter.v" into library xil_defaultlib
INFO: [VRFC 10-311] analyzing module mig_7series_v4_2_axi_mc_cmd_arbiter
INFO: [VRFC 10-2263] Analyzing Verilog file "/home/sam/Documents/thesis-defense/thesis_Aloha-HE/Aloha-HE_Kintex/Aloha-HE_Kintex.ip_user_files/bd/AlohaHE/ip/AlohaHE_mig_7series_0_0/AlohaHE_mig_7series_0_0/user_design/rtl/axi/mig_7series_v4_2_ddr_command_fifo.v" into library xil_defaultlib
INFO: [VRFC 10-311] analyzing module mig_7series_v4_2_ddr_command_fifo
INFO: [VRFC 10-2263] Analyzing Verilog file "/home/sam/Documents/thesis-defense/thesis_Aloha-HE/Aloha-HE_Kintex/Aloha-HE_Kintex.ip_user_files/bd/AlohaHE/ip/AlohaHE_mig_7series_0_0/AlohaHE_mig_7series_0_0/user_design/rtl/axi/mig_7series_v4_2_ddr_comparator.v" into library xil_defaultlib
INFO: [VRFC 10-311] analyzing module mig_7series_v4_2_ddr_comparator
INFO: [VRFC 10-2263] Analyzing Verilog file "/home/sam/Documents/thesis-defense/thesis_Aloha-HE/Aloha-HE_Kintex/Aloha-HE_Kintex.ip_user_files/bd/AlohaHE/ip/AlohaHE_mig_7series_0_0/AlohaHE_mig_7series_0_0/user_design/rtl/axi/mig_7series_v4_2_axi_mc_wrap_cmd.v" into library xil_defaultlib
INFO: [VRFC 10-311] analyzing module mig_7series_v4_2_axi_mc_wrap_cmd
INFO: [VRFC 10-2263] Analyzing Verilog file "/home/sam/Documents/thesis-defense/thesis_Aloha-HE/Aloha-HE_Kintex/Aloha-HE_Kintex.ip_user_files/bd/AlohaHE/ip/AlohaHE_mig_7series_0_0/AlohaHE_mig_7series_0_0/user_design/rtl/axi/mig_7series_v4_2_ddr_comparator_sel_static.v" into library xil_defaultlib
INFO: [VRFC 10-311] analyzing module mig_7series_v4_2_ddr_comparator_sel_static
INFO: [VRFC 10-2263] Analyzing Verilog file "/home/sam/Documents/thesis-defense/thesis_Aloha-HE/Aloha-HE_Kintex/Aloha-HE_Kintex.ip_user_files/bd/AlohaHE/ip/AlohaHE_mig_7series_0_0/AlohaHE_mig_7series_0_0/user_design/rtl/axi/mig_7series_v4_2_ddr_r_upsizer.v" into library xil_defaultlib
INFO: [VRFC 10-311] analyzing module mig_7series_v4_2_ddr_r_upsizer
INFO: [VRFC 10-2263] Analyzing Verilog file "/home/sam/Documents/thesis-defense/thesis_Aloha-HE/Aloha-HE_Kintex/Aloha-HE_Kintex.ip_user_files/bd/AlohaHE/ip/AlohaHE_mig_7series_0_0/AlohaHE_mig_7series_0_0/user_design/rtl/axi/mig_7series_v4_2_axi_ctrl_reg_bank.v" into library xil_defaultlib
INFO: [VRFC 10-311] analyzing module mig_7series_v4_2_axi_ctrl_reg_bank
INFO: [VRFC 10-2263] Analyzing Verilog file "/home/sam/Documents/thesis-defense/thesis_Aloha-HE/Aloha-HE_Kintex/Aloha-HE_Kintex.ip_user_files/bd/AlohaHE/ip/AlohaHE_mig_7series_0_0/AlohaHE_mig_7series_0_0/user_design/rtl/axi/mig_7series_v4_2_axi_mc_cmd_fsm.v" into library xil_defaultlib
INFO: [VRFC 10-311] analyzing module mig_7series_v4_2_axi_mc_cmd_fsm
INFO: [VRFC 10-2263] Analyzing Verilog file "/home/sam/Documents/thesis-defense/thesis_Aloha-HE/Aloha-HE_Kintex/Aloha-HE_Kintex.ip_user_files/bd/AlohaHE/ip/AlohaHE_mig_7series_0_0/AlohaHE_mig_7series_0_0/user_design/rtl/axi/mig_7series_v4_2_axi_mc_wr_cmd_fsm.v" into library xil_defaultlib
INFO: [VRFC 10-311] analyzing module mig_7series_v4_2_axi_mc_wr_cmd_fsm
INFO: [VRFC 10-2263] Analyzing Verilog file "/home/sam/Documents/thesis-defense/thesis_Aloha-HE/Aloha-HE_Kintex/Aloha-HE_Kintex.ip_user_files/bd/AlohaHE/ip/AlohaHE_mig_7series_0_0/AlohaHE_mig_7series_0_0/user_design/rtl/axi/mig_7series_v4_2_axi_mc_r_channel.v" into library xil_defaultlib
INFO: [VRFC 10-311] analyzing module mig_7series_v4_2_axi_mc_r_channel
INFO: [VRFC 10-2263] Analyzing Verilog file "/home/sam/Documents/thesis-defense/thesis_Aloha-HE/Aloha-HE_Kintex/Aloha-HE_Kintex.ip_user_files/bd/AlohaHE/ip/AlohaHE_mig_7series_0_0/AlohaHE_mig_7series_0_0/user_design/rtl/axi/mig_7series_v4_2_ddr_comparator_sel.v" into library xil_defaultlib
INFO: [VRFC 10-311] analyzing module mig_7series_v4_2_ddr_comparator_sel
INFO: [VRFC 10-2263] Analyzing Verilog file "/home/sam/Documents/thesis-defense/thesis_Aloha-HE/Aloha-HE_Kintex/Aloha-HE_Kintex.ip_user_files/bd/AlohaHE/ip/AlohaHE_mig_7series_0_0/AlohaHE_mig_7series_0_0/user_design/rtl/axi/mig_7series_v4_2_ddr_carry_latch_or.v" into library xil_defaultlib
INFO: [VRFC 10-311] analyzing module mig_7series_v4_2_ddr_carry_latch_or
INFO: [VRFC 10-2263] Analyzing Verilog file "/home/sam/Documents/thesis-defense/thesis_Aloha-HE/Aloha-HE_Kintex/Aloha-HE_Kintex.ip_user_files/bd/AlohaHE/ip/AlohaHE_mig_7series_0_0/AlohaHE_mig_7series_0_0/user_design/rtl/axi/mig_7series_v4_2_axi_ctrl_write.v" into library xil_defaultlib
INFO: [VRFC 10-311] analyzing module mig_7series_v4_2_axi_ctrl_write
INFO: [VRFC 10-2263] Analyzing Verilog file "/home/sam/Documents/thesis-defense/thesis_Aloha-HE/Aloha-HE_Kintex/Aloha-HE_Kintex.ip_user_files/bd/AlohaHE/ip/AlohaHE_mig_7series_0_0/AlohaHE_mig_7series_0_0/user_design/rtl/axi/mig_7series_v4_2_axi_ctrl_addr_decode.v" into library xil_defaultlib
INFO: [VRFC 10-311] analyzing module mig_7series_v4_2_axi_ctrl_addr_decode
INFO: [VRFC 10-2263] Analyzing Verilog file "/home/sam/Documents/thesis-defense/thesis_Aloha-HE/Aloha-HE_Kintex/Aloha-HE_Kintex.ip_user_files/bd/AlohaHE/ip/AlohaHE_mig_7series_0_0/AlohaHE_mig_7series_0_0/user_design/rtl/axi/mig_7series_v4_2_axi_mc_simple_fifo.v" into library xil_defaultlib
INFO: [VRFC 10-311] analyzing module mig_7series_v4_2_axi_mc_simple_fifo
INFO: [VRFC 10-2263] Analyzing Verilog file "/home/sam/Documents/thesis-defense/thesis_Aloha-HE/Aloha-HE_Kintex/Aloha-HE_Kintex.ip_user_files/bd/AlohaHE/ip/AlohaHE_mig_7series_0_0/AlohaHE_mig_7series_0_0/user_design/rtl/axi/mig_7series_v4_2_ddr_axic_register_slice.v" into library xil_defaultlib
INFO: [VRFC 10-311] analyzing module mig_7series_v4_2_ddr_axic_register_slice
INFO: [VRFC 10-2263] Analyzing Verilog file "/home/sam/Documents/thesis-defense/thesis_Aloha-HE/Aloha-HE_Kintex/Aloha-HE_Kintex.ip_user_files/bd/AlohaHE/ip/AlohaHE_mig_7series_0_0/AlohaHE_mig_7series_0_0/user_design/rtl/AlohaHE_mig_7series_0_0_mig_sim.v" into library xil_defaultlib
INFO: [VRFC 10-311] analyzing module AlohaHE_mig_7series_0_0_mig
INFO: [VRFC 10-2458] undeclared symbol dbg_sel_po_incdec, assumed default net type wire [/home/sam/Documents/thesis-defense/thesis_Aloha-HE/Aloha-HE_Kintex/Aloha-HE_Kintex.ip_user_files/bd/AlohaHE/ip/AlohaHE_mig_7series_0_0/AlohaHE_mig_7series_0_0/user_design/rtl/AlohaHE_mig_7series_0_0_mig_sim.v:1217]
INFO: [VRFC 10-2458] undeclared symbol dbg_po_f_inc, assumed default net type wire [/home/sam/Documents/thesis-defense/thesis_Aloha-HE/Aloha-HE_Kintex/Aloha-HE_Kintex.ip_user_files/bd/AlohaHE/ip/AlohaHE_mig_7series_0_0/AlohaHE_mig_7series_0_0/user_design/rtl/AlohaHE_mig_7series_0_0_mig_sim.v:1221]
INFO: [VRFC 10-2458] undeclared symbol dbg_po_f_stg23_sel, assumed default net type wire [/home/sam/Documents/thesis-defense/thesis_Aloha-HE/Aloha-HE_Kintex/Aloha-HE_Kintex.ip_user_files/bd/AlohaHE/ip/AlohaHE_mig_7series_0_0/AlohaHE_mig_7series_0_0/user_design/rtl/AlohaHE_mig_7series_0_0_mig_sim.v:1222]
INFO: [VRFC 10-2458] undeclared symbol dbg_po_f_dec, assumed default net type wire [/home/sam/Documents/thesis-defense/thesis_Aloha-HE/Aloha-HE_Kintex/Aloha-HE_Kintex.ip_user_files/bd/AlohaHE/ip/AlohaHE_mig_7series_0_0/AlohaHE_mig_7series_0_0/user_design/rtl/AlohaHE_mig_7series_0_0_mig_sim.v:1223]
INFO: [VRFC 10-2263] Analyzing Verilog file "/home/sam/Documents/thesis-defense/thesis_Aloha-HE/Aloha-HE_Kintex/Aloha-HE_Kintex.ip_user_files/bd/AlohaHE/ip/AlohaHE_mig_7series_0_0/AlohaHE_mig_7series_0_0/user_design/rtl/AlohaHE_mig_7series_0_0.v" into library xil_defaultlib
INFO: [VRFC 10-311] analyzing module AlohaHE_mig_7series_0_0
INFO: [VRFC 10-2263] Analyzing Verilog file "/home/sam/Documents/thesis-defense/thesis_Aloha-HE/Aloha-HE_Kintex/Aloha-HE_Kintex.ip_user_files/bd/AlohaHE/ip/AlohaHE_xlconstant_0_0/sim/AlohaHE_xlconstant_0_0.v" into library xil_defaultlib
INFO: [VRFC 10-311] analyzing module AlohaHE_xlconstant_0_0
INFO: [VRFC 10-2263] Analyzing Verilog file "/home/sam/Documents/thesis-defense/thesis_Aloha-HE/Aloha-HE_Kintex/Aloha-HE_Kintex.ip_user_files/bd/AlohaHE/sim/AlohaHE.v" into library xil_defaultlib
INFO: [VRFC 10-311] analyzing module AlohaHE
INFO: [VRFC 10-311] analyzing module AlohaHE_axi_interconnect_0_0
INFO: [VRFC 10-311] analyzing module AlohaHE_microblaze_0_axi_periph_0
INFO: [VRFC 10-311] analyzing module m00_couplers_imp_1NP0U9P
INFO: [VRFC 10-311] analyzing module m00_couplers_imp_HUXNNQ
INFO: [VRFC 10-311] analyzing module m01_couplers_imp_1JHKEH1
INFO: [VRFC 10-311] analyzing module m01_couplers_imp_MC8P6M
INFO: [VRFC 10-311] analyzing module m02_couplers_imp_UYOL6
INFO: [VRFC 10-311] analyzing module m03_couplers_imp_10TZ2RD
INFO: [VRFC 10-311] analyzing module microblaze_1_local_memory_imp_1TH88AR
INFO: [VRFC 10-311] analyzing module s00_couplers_imp_1JBLOD6
INFO: [VRFC 10-311] analyzing module s00_couplers_imp_M84BKX
INFO: [VRFC 10-2263] Analyzing Verilog file "/home/sam/Documents/thesis-defense/thesis_Aloha-HE/Aloha-HE_Kintex/Aloha-HE_Kintex.srcs/sources_1/bd/AlohaHE/hdl/AlohaHE_wrapper.v" into library xil_defaultlib
INFO: [VRFC 10-311] analyzing module AlohaHE_wrapper
INFO: [VRFC 10-163] Analyzing VHDL file "/home/sam/Documents/thesis-defense/thesis_Aloha-HE/Aloha-HE_Kintex/Aloha-HE_Kintex.srcs/sources_1/ip/MontRed_DSP_Mult/sim/MontRed_DSP_Mult.vhd" into library xil_defaultlib
INFO: [VRFC 10-3107] analyzing entity 'MontRed_DSP_Mult'
INFO: [VRFC 10-163] Analyzing VHDL file "/home/sam/Documents/thesis-defense/thesis_Aloha-HE/Aloha-HE_Kintex/Aloha-HE_Kintex.srcs/sources_1/ip/MontRed_DSP_MultAdd/sim/MontRed_DSP_MultAdd.vhd" into library xil_defaultlib
INFO: [VRFC 10-3107] analyzing entity 'MontRed_DSP_MultAdd'
INFO: [VRFC 10-163] Analyzing VHDL file "/home/sam/Documents/thesis-defense/thesis_Aloha-HE/Aloha-HE_Kintex/Aloha-HE_Kintex.srcs/sources_1/ip/DSP_A_x_B_doublebuffer/sim/DSP_A_x_B_doublebuffer.vhd" into library xil_defaultlib
INFO: [VRFC 10-3107] analyzing entity 'DSP_A_x_B_doublebuffer'
INFO: [VRFC 10-163] Analyzing VHDL file "/home/sam/Documents/thesis-defense/thesis_Aloha-HE/Aloha-HE_Kintex/Aloha-HE_Kintex.srcs/sources_1/ip/DSP_A_x_B_p_C/sim/DSP_A_x_B_p_C.vhd" into library xil_defaultlib
INFO: [VRFC 10-3107] analyzing entity 'DSP_A_x_B_p_C'
INFO: [VRFC 10-163] Analyzing VHDL file "/home/sam/Documents/thesis-defense/thesis_Aloha-HE/Aloha-HE_Kintex/Aloha-HE_Kintex.srcs/sources_1/ip/DSP_A_x_B/sim/DSP_A_x_B.vhd" into library xil_defaultlib
INFO: [VRFC 10-3107] analyzing entity 'DSP_A_x_B'
INFO: [VRFC 10-163] Analyzing VHDL file "/home/sam/Documents/thesis-defense/thesis_Aloha-HE/Aloha-HE_Kintex/Aloha-HE_Kintex.ip_user_files/bd/AlohaHE/ip/AlohaHE_axi_bram_ctrl_0_0/sim/AlohaHE_axi_bram_ctrl_0_0.vhd" into library xil_defaultlib
INFO: [VRFC 10-3107] analyzing entity 'AlohaHE_axi_bram_ctrl_0_0'
INFO: [VRFC 10-163] Analyzing VHDL file "/home/sam/Documents/thesis-defense/thesis_Aloha-HE/Aloha-HE_Kintex/Aloha-HE_Kintex.ip_user_files/bd/AlohaHE/ip/AlohaHE_axi_cdma_0_0/sim/AlohaHE_axi_cdma_0_0.vhd" into library xil_defaultlib
INFO: [VRFC 10-3107] analyzing entity 'AlohaHE_axi_cdma_0_0'
INFO: [VRFC 10-163] Analyzing VHDL file "/home/sam/Documents/thesis-defense/thesis_Aloha-HE/Aloha-HE_Kintex/Aloha-HE_Kintex.ip_user_files/bd/AlohaHE/ip/AlohaHE_axi_smc_0/bd_0/ip/ip_1/sim/bd_7499_psr0_0.vhd" into library xil_defaultlib
INFO: [VRFC 10-3107] analyzing entity 'bd_7499_psr0_0'
INFO: [VRFC 10-163] Analyzing VHDL file "/home/sam/Documents/thesis-defense/thesis_Aloha-HE/Aloha-HE_Kintex/Aloha-HE_Kintex.ip_user_files/bd/AlohaHE/ip/AlohaHE_axi_smc_0/bd_0/ip/ip_2/sim/bd_7499_psr_aclk_0.vhd" into library xil_defaultlib
INFO: [VRFC 10-3107] analyzing entity 'bd_7499_psr_aclk_0'
INFO: [VRFC 10-163] Analyzing VHDL file "/home/sam/Documents/thesis-defense/thesis_Aloha-HE/Aloha-HE_Kintex/Aloha-HE_Kintex.ip_user_files/bd/AlohaHE/ip/AlohaHE_axi_smc_0/bd_0/ip/ip_3/sim/bd_7499_psr_aclk1_0.vhd" into library xil_defaultlib
INFO: [VRFC 10-3107] analyzing entity 'bd_7499_psr_aclk1_0'
INFO: [VRFC 10-163] Analyzing VHDL file "/home/sam/Documents/thesis-defense/thesis_Aloha-HE/Aloha-HE_Kintex/Aloha-HE_Kintex.ip_user_files/bd/AlohaHE/ip/AlohaHE_axi_timer_0_0/sim/AlohaHE_axi_timer_0_0.vhd" into library xil_defaultlib
INFO: [VRFC 10-3107] analyzing entity 'AlohaHE_axi_timer_0_0'
INFO: [VRFC 10-163] Analyzing VHDL file "/home/sam/Documents/thesis-defense/thesis_Aloha-HE/Aloha-HE_Kintex/Aloha-HE_Kintex.ip_user_files/bd/AlohaHE/ip/AlohaHE_axi_uartlite_0_0/sim/AlohaHE_axi_uartlite_0_0.vhd" into library xil_defaultlib
INFO: [VRFC 10-3107] analyzing entity 'AlohaHE_axi_uartlite_0_0'
INFO: [VRFC 10-163] Analyzing VHDL file "/home/sam/Documents/thesis-defense/thesis_Aloha-HE/Aloha-HE_Kintex/Aloha-HE_Kintex.ip_user_files/bd/AlohaHE/ip/AlohaHE_mdm_1_0/sim/AlohaHE_mdm_1_0.vhd" into library xil_defaultlib
INFO: [VRFC 10-3107] analyzing entity 'AlohaHE_mdm_1_0'
INFO: [VRFC 10-163] Analyzing VHDL file "/home/sam/Documents/thesis-defense/thesis_Aloha-HE/Aloha-HE_Kintex/Aloha-HE_Kintex.ip_user_files/bd/AlohaHE/ip/AlohaHE_microblaze_1_0/sim/AlohaHE_microblaze_1_0.vhd" into library xil_defaultlib
INFO: [VRFC 10-3107] analyzing entity 'AlohaHE_microblaze_1_0'
INFO: [VRFC 10-163] Analyzing VHDL file "/home/sam/Documents/thesis-defense/thesis_Aloha-HE/Aloha-HE_Kintex/Aloha-HE_Kintex.ip_user_files/bd/AlohaHE/ip/AlohaHE_dlmb_bram_if_cntlr_0/sim/AlohaHE_dlmb_bram_if_cntlr_0.vhd" into library xil_defaultlib
INFO: [VRFC 10-3107] analyzing entity 'AlohaHE_dlmb_bram_if_cntlr_0'
INFO: [VRFC 10-163] Analyzing VHDL file "/home/sam/Documents/thesis-defense/thesis_Aloha-HE/Aloha-HE_Kintex/Aloha-HE_Kintex.ip_user_files/bd/AlohaHE/ip/AlohaHE_dlmb_v10_0/sim/AlohaHE_dlmb_v10_0.vhd" into library xil_defaultlib
INFO: [VRFC 10-3107] analyzing entity 'AlohaHE_dlmb_v10_0'
INFO: [VRFC 10-163] Analyzing VHDL file "/home/sam/Documents/thesis-defense/thesis_Aloha-HE/Aloha-HE_Kintex/Aloha-HE_Kintex.ip_user_files/bd/AlohaHE/ip/AlohaHE_ilmb_bram_if_cntlr_0/sim/AlohaHE_ilmb_bram_if_cntlr_0.vhd" into library xil_defaultlib
INFO: [VRFC 10-3107] analyzing entity 'AlohaHE_ilmb_bram_if_cntlr_0'
INFO: [VRFC 10-163] Analyzing VHDL file "/home/sam/Documents/thesis-defense/thesis_Aloha-HE/Aloha-HE_Kintex/Aloha-HE_Kintex.ip_user_files/bd/AlohaHE/ip/AlohaHE_ilmb_v10_0/sim/AlohaHE_ilmb_v10_0.vhd" into library xil_defaultlib
INFO: [VRFC 10-3107] analyzing entity 'AlohaHE_ilmb_v10_0'
INFO: [VRFC 10-163] Analyzing VHDL file "/home/sam/Documents/thesis-defense/thesis_Aloha-HE/Aloha-HE_Kintex/Aloha-HE_Kintex.ip_user_files/bd/AlohaHE/ip/AlohaHE_proc_sys_reset_0_0/sim/AlohaHE_proc_sys_reset_0_0.vhd" into library xil_defaultlib
INFO: [VRFC 10-3107] analyzing entity 'AlohaHE_proc_sys_reset_0_0'
INFO: [VRFC 10-163] Analyzing VHDL file "/home/sam/Documents/thesis-defense/thesis_Aloha-HE/Aloha-HE_Kintex/Aloha-HE_Kintex.ip_user_files/bd/AlohaHE/ip/AlohaHE_rst_mig_7series_0_100M_0/sim/AlohaHE_rst_mig_7series_0_100M_0.vhd" into library xil_defaultlib
INFO: [VRFC 10-3107] analyzing entity 'AlohaHE_rst_mig_7series_0_100M_0'
